{"/home/kvhnuke/GitHub/keythereum/test/keys.js":{"path":"/home/kvhnuke/GitHub/keythereum/test/keys.js","statementMap":{"0":{"start":{"line":4,"column":9},"end":{"line":4,"column":22}},"1":{"start":{"line":6,"column":11},"end":{"line":6,"column":26}},"2":{"start":{"line":8,"column":13},"end":{"line":8,"column":30}},"3":{"start":{"line":10,"column":13},"end":{"line":10,"column":35}},"4":{"start":{"line":12,"column":17},"end":{"line":12,"column":31}},"5":{"start":{"line":14,"column":18},"end":{"line":14,"column":42}},"6":{"start":{"line":17,"column":14},"end":{"line":17,"column":20}},"7":{"start":{"line":19,"column":17},"end":{"line":19,"column":39}},"8":{"start":{"line":20,"column":0},"end":{"line":76,"column":3}},"9":{"start":{"line":21,"column":13},"end":{"line":25,"column":3}},"10":{"start":{"line":22,"column":4},"end":{"line":24,"column":7}},"11":{"start":{"line":23,"column":6},"end":{"line":23,"column":42}},"12":{"start":{"line":27,"column":2},"end":{"line":33,"column":5}},"13":{"start":{"line":31,"column":6},"end":{"line":31,"column":27}},"14":{"start":{"line":34,"column":2},"end":{"line":40,"column":5}},"15":{"start":{"line":38,"column":6},"end":{"line":38,"column":28}},"16":{"start":{"line":41,"column":2},"end":{"line":47,"column":5}},"17":{"start":{"line":45,"column":6},"end":{"line":45,"column":27}},"18":{"start":{"line":48,"column":2},"end":{"line":54,"column":5}},"19":{"start":{"line":52,"column":6},"end":{"line":52,"column":27}},"20":{"start":{"line":55,"column":2},"end":{"line":61,"column":5}},"21":{"start":{"line":59,"column":6},"end":{"line":59,"column":27}},"22":{"start":{"line":62,"column":2},"end":{"line":68,"column":5}},"23":{"start":{"line":66,"column":6},"end":{"line":66,"column":28}},"24":{"start":{"line":69,"column":2},"end":{"line":75,"column":5}},"25":{"start":{"line":73,"column":6},"end":{"line":73,"column":28}},"26":{"start":{"line":77,"column":0},"end":{"line":103,"column":3}},"27":{"start":{"line":78,"column":13},"end":{"line":82,"column":3}},"28":{"start":{"line":79,"column":4},"end":{"line":81,"column":7}},"29":{"start":{"line":80,"column":6},"end":{"line":80,"column":45}},"30":{"start":{"line":85,"column":2},"end":{"line":93,"column":5}},"31":{"start":{"line":86,"column":4},"end":{"line":92,"column":7}},"32":{"start":{"line":90,"column":8},"end":{"line":90,"column":32}},"33":{"start":{"line":94,"column":2},"end":{"line":102,"column":5}},"34":{"start":{"line":95,"column":4},"end":{"line":101,"column":7}},"35":{"start":{"line":99,"column":8},"end":{"line":99,"column":33}},"36":{"start":{"line":104,"column":0},"end":{"line":204,"column":3}},"37":{"start":{"line":105,"column":13},"end":{"line":109,"column":3}},"38":{"start":{"line":106,"column":4},"end":{"line":108,"column":7}},"39":{"start":{"line":107,"column":6},"end":{"line":107,"column":67}},"40":{"start":{"line":111,"column":2},"end":{"line":120,"column":5}},"41":{"start":{"line":118,"column":6},"end":{"line":118,"column":65}},"42":{"start":{"line":121,"column":2},"end":{"line":130,"column":5}},"43":{"start":{"line":128,"column":6},"end":{"line":128,"column":65}},"44":{"start":{"line":131,"column":2},"end":{"line":140,"column":5}},"45":{"start":{"line":138,"column":6},"end":{"line":138,"column":65}},"46":{"start":{"line":141,"column":2},"end":{"line":149,"column":5}},"47":{"start":{"line":147,"column":6},"end":{"line":147,"column":65}},"48":{"start":{"line":150,"column":2},"end":{"line":158,"column":5}},"49":{"start":{"line":156,"column":6},"end":{"line":156,"column":65}},"50":{"start":{"line":159,"column":2},"end":{"line":167,"column":5}},"51":{"start":{"line":165,"column":6},"end":{"line":165,"column":59}},"52":{"start":{"line":168,"column":2},"end":{"line":176,"column":5}},"53":{"start":{"line":174,"column":6},"end":{"line":174,"column":65}},"54":{"start":{"line":177,"column":2},"end":{"line":185,"column":5}},"55":{"start":{"line":183,"column":6},"end":{"line":183,"column":61}},"56":{"start":{"line":186,"column":2},"end":{"line":194,"column":5}},"57":{"start":{"line":192,"column":6},"end":{"line":192,"column":65}},"58":{"start":{"line":195,"column":2},"end":{"line":203,"column":5}},"59":{"start":{"line":201,"column":6},"end":{"line":201,"column":63}},"60":{"start":{"line":205,"column":0},"end":{"line":233,"column":3}},"61":{"start":{"line":206,"column":13},"end":{"line":210,"column":3}},"62":{"start":{"line":207,"column":4},"end":{"line":209,"column":7}},"63":{"start":{"line":208,"column":6},"end":{"line":208,"column":59}},"64":{"start":{"line":212,"column":2},"end":{"line":218,"column":5}},"65":{"start":{"line":216,"column":6},"end":{"line":216,"column":33}},"66":{"start":{"line":219,"column":2},"end":{"line":225,"column":5}},"67":{"start":{"line":223,"column":6},"end":{"line":223,"column":33}},"68":{"start":{"line":226,"column":2},"end":{"line":232,"column":5}},"69":{"start":{"line":230,"column":6},"end":{"line":230,"column":34}},"70":{"start":{"line":234,"column":0},"end":{"line":248,"column":3}},"71":{"start":{"line":236,"column":17},"end":{"line":236,"column":30}},"72":{"start":{"line":237,"column":15},"end":{"line":237,"column":73}},"73":{"start":{"line":238,"column":15},"end":{"line":238,"column":57}},"74":{"start":{"line":239,"column":28},"end":{"line":239,"column":70}},"75":{"start":{"line":240,"column":2},"end":{"line":240,"column":48}},"76":{"start":{"line":242,"column":2},"end":{"line":247,"column":5}},"77":{"start":{"line":243,"column":19},"end":{"line":243,"column":63}},"78":{"start":{"line":244,"column":30},"end":{"line":244,"column":83}},"79":{"start":{"line":245,"column":4},"end":{"line":245,"column":49}},"80":{"start":{"line":246,"column":4},"end":{"line":246,"column":72}},"81":{"start":{"line":249,"column":0},"end":{"line":300,"column":3}},"82":{"start":{"line":250,"column":13},"end":{"line":256,"column":3}},"83":{"start":{"line":251,"column":4},"end":{"line":255,"column":7}},"84":{"start":{"line":252,"column":6},"end":{"line":252,"column":65}},"85":{"start":{"line":253,"column":6},"end":{"line":253,"column":85}},"86":{"start":{"line":254,"column":6},"end":{"line":254,"column":104}},"87":{"start":{"line":258,"column":2},"end":{"line":264,"column":5}},"88":{"start":{"line":262,"column":6},"end":{"line":262,"column":80}},"89":{"start":{"line":265,"column":2},"end":{"line":271,"column":5}},"90":{"start":{"line":269,"column":6},"end":{"line":269,"column":80}},"91":{"start":{"line":272,"column":2},"end":{"line":278,"column":5}},"92":{"start":{"line":276,"column":6},"end":{"line":276,"column":80}},"93":{"start":{"line":279,"column":2},"end":{"line":285,"column":5}},"94":{"start":{"line":283,"column":6},"end":{"line":283,"column":80}},"95":{"start":{"line":286,"column":2},"end":{"line":292,"column":5}},"96":{"start":{"line":290,"column":6},"end":{"line":290,"column":80}},"97":{"start":{"line":293,"column":2},"end":{"line":299,"column":5}},"98":{"start":{"line":297,"column":6},"end":{"line":297,"column":80}},"99":{"start":{"line":301,"column":0},"end":{"line":344,"column":3}},"100":{"start":{"line":302,"column":13},"end":{"line":315,"column":3}},"101":{"start":{"line":303,"column":4},"end":{"line":303,"column":38}},"102":{"start":{"line":304,"column":4},"end":{"line":304,"column":36}},"103":{"start":{"line":305,"column":4},"end":{"line":305,"column":45}},"104":{"start":{"line":306,"column":4},"end":{"line":306,"column":62}},"105":{"start":{"line":307,"column":4},"end":{"line":307,"column":30}},"106":{"start":{"line":308,"column":4},"end":{"line":308,"column":28}},"107":{"start":{"line":309,"column":4},"end":{"line":309,"column":37}},"108":{"start":{"line":310,"column":4},"end":{"line":310,"column":53}},"109":{"start":{"line":311,"column":4},"end":{"line":311,"column":32}},"110":{"start":{"line":312,"column":4},"end":{"line":312,"column":30}},"111":{"start":{"line":313,"column":4},"end":{"line":313,"column":39}},"112":{"start":{"line":314,"column":4},"end":{"line":314,"column":56}},"113":{"start":{"line":317,"column":17},"end":{"line":339,"column":3}},"114":{"start":{"line":318,"column":18},"end":{"line":332,"column":5}},"115":{"start":{"line":319,"column":6},"end":{"line":331,"column":9}},"116":{"start":{"line":321,"column":8},"end":{"line":321,"column":56}},"117":{"start":{"line":322,"column":8},"end":{"line":322,"column":48}},"118":{"start":{"line":324,"column":8},"end":{"line":330,"column":11}},"119":{"start":{"line":325,"column":10},"end":{"line":325,"column":41}},"120":{"start":{"line":326,"column":10},"end":{"line":329,"column":13}},"121":{"start":{"line":327,"column":12},"end":{"line":327,"column":29}},"122":{"start":{"line":328,"column":12},"end":{"line":328,"column":19}},"123":{"start":{"line":334,"column":4},"end":{"line":334,"column":34}},"124":{"start":{"line":335,"column":4},"end":{"line":338,"column":7}},"125":{"start":{"line":343,"column":2},"end":{"line":343,"column":39}},"126":{"start":{"line":343,"column":27},"end":{"line":343,"column":39}},"127":{"start":{"line":345,"column":0},"end":{"line":404,"column":3}},"128":{"start":{"line":346,"column":13},"end":{"line":354,"column":3}},"129":{"start":{"line":347,"column":16},"end":{"line":347,"column":106}},"130":{"start":{"line":348,"column":4},"end":{"line":353,"column":7}},"131":{"start":{"line":349,"column":22},"end":{"line":349,"column":49}},"132":{"start":{"line":350,"column":6},"end":{"line":350,"column":51}},"133":{"start":{"line":351,"column":6},"end":{"line":351,"column":131}},"134":{"start":{"line":352,"column":6},"end":{"line":352,"column":46}},"135":{"start":{"line":356,"column":17},"end":{"line":390,"column":3}},"136":{"start":{"line":357,"column":4},"end":{"line":367,"column":7}},"137":{"start":{"line":368,"column":4},"end":{"line":378,"column":7}},"138":{"start":{"line":379,"column":4},"end":{"line":389,"column":7}},"139":{"start":{"line":392,"column":2},"end":{"line":397,"column":5}},"140":{"start":{"line":398,"column":2},"end":{"line":403,"column":5}},"141":{"start":{"line":405,"column":0},"end":{"line":464,"column":3}},"142":{"start":{"line":406,"column":13},"end":{"line":414,"column":3}},"143":{"start":{"line":407,"column":16},"end":{"line":407,"column":106}},"144":{"start":{"line":408,"column":4},"end":{"line":413,"column":7}},"145":{"start":{"line":409,"column":22},"end":{"line":409,"column":49}},"146":{"start":{"line":410,"column":6},"end":{"line":410,"column":51}},"147":{"start":{"line":411,"column":6},"end":{"line":411,"column":128}},"148":{"start":{"line":412,"column":6},"end":{"line":412,"column":46}},"149":{"start":{"line":416,"column":17},"end":{"line":450,"column":3}},"150":{"start":{"line":417,"column":4},"end":{"line":427,"column":7}},"151":{"start":{"line":428,"column":4},"end":{"line":438,"column":7}},"152":{"start":{"line":439,"column":4},"end":{"line":449,"column":7}},"153":{"start":{"line":452,"column":2},"end":{"line":457,"column":5}},"154":{"start":{"line":458,"column":2},"end":{"line":463,"column":5}},"155":{"start":{"line":467,"column":0},"end":{"line":544,"column":3}},"156":{"start":{"line":468,"column":13},"end":{"line":522,"column":3}},"157":{"start":{"line":470,"column":4},"end":{"line":473,"column":7}},"158":{"start":{"line":471,"column":6},"end":{"line":471,"column":40}},"159":{"start":{"line":472,"column":6},"end":{"line":472,"column":48}},"160":{"start":{"line":474,"column":4},"end":{"line":477,"column":7}},"161":{"start":{"line":475,"column":6},"end":{"line":475,"column":40}},"162":{"start":{"line":476,"column":6},"end":{"line":476,"column":48}},"163":{"start":{"line":478,"column":4},"end":{"line":499,"column":7}},"164":{"start":{"line":480,"column":6},"end":{"line":480,"column":28}},"165":{"start":{"line":481,"column":6},"end":{"line":481,"column":40}},"166":{"start":{"line":482,"column":6},"end":{"line":482,"column":48}},"167":{"start":{"line":484,"column":6},"end":{"line":487,"column":9}},"168":{"start":{"line":488,"column":6},"end":{"line":488,"column":52}},"169":{"start":{"line":488,"column":28},"end":{"line":488,"column":52}},"170":{"start":{"line":489,"column":6},"end":{"line":489,"column":65}},"171":{"start":{"line":491,"column":6},"end":{"line":498,"column":9}},"172":{"start":{"line":495,"column":8},"end":{"line":495,"column":54}},"173":{"start":{"line":495,"column":30},"end":{"line":495,"column":54}},"174":{"start":{"line":496,"column":8},"end":{"line":496,"column":67}},"175":{"start":{"line":497,"column":8},"end":{"line":497,"column":15}},"176":{"start":{"line":500,"column":4},"end":{"line":521,"column":7}},"177":{"start":{"line":502,"column":6},"end":{"line":502,"column":28}},"178":{"start":{"line":503,"column":6},"end":{"line":503,"column":43}},"179":{"start":{"line":504,"column":6},"end":{"line":504,"column":47}},"180":{"start":{"line":506,"column":6},"end":{"line":509,"column":9}},"181":{"start":{"line":510,"column":6},"end":{"line":510,"column":52}},"182":{"start":{"line":510,"column":28},"end":{"line":510,"column":52}},"183":{"start":{"line":511,"column":6},"end":{"line":511,"column":65}},"184":{"start":{"line":513,"column":6},"end":{"line":520,"column":9}},"185":{"start":{"line":517,"column":8},"end":{"line":517,"column":54}},"186":{"start":{"line":517,"column":30},"end":{"line":517,"column":54}},"187":{"start":{"line":518,"column":8},"end":{"line":518,"column":67}},"188":{"start":{"line":519,"column":8},"end":{"line":519,"column":15}},"189":{"start":{"line":524,"column":2},"end":{"line":531,"column":5}},"190":{"start":{"line":532,"column":2},"end":{"line":543,"column":5}},"191":{"start":{"line":545,"column":0},"end":{"line":567,"column":3}},"192":{"start":{"line":546,"column":13},"end":{"line":551,"column":3}},"193":{"start":{"line":547,"column":4},"end":{"line":550,"column":7}},"194":{"start":{"line":548,"column":16},"end":{"line":548,"column":73}},"195":{"start":{"line":549,"column":6},"end":{"line":549,"column":40}},"196":{"start":{"line":553,"column":2},"end":{"line":559,"column":5}},"197":{"start":{"line":560,"column":2},"end":{"line":566,"column":5}},"198":{"start":{"line":568,"column":0},"end":{"line":655,"column":3}},"199":{"start":{"line":569,"column":13},"end":{"line":592,"column":3}},"200":{"start":{"line":570,"column":4},"end":{"line":591,"column":7}},"201":{"start":{"line":572,"column":6},"end":{"line":572,"column":28}},"202":{"start":{"line":574,"column":6},"end":{"line":577,"column":9}},"203":{"start":{"line":578,"column":6},"end":{"line":578,"column":50}},"204":{"start":{"line":578,"column":27},"end":{"line":578,"column":50}},"205":{"start":{"line":579,"column":6},"end":{"line":579,"column":51}},"206":{"start":{"line":580,"column":6},"end":{"line":580,"column":51}},"207":{"start":{"line":582,"column":6},"end":{"line":590,"column":9}},"208":{"start":{"line":586,"column":8},"end":{"line":586,"column":46}},"209":{"start":{"line":586,"column":26},"end":{"line":586,"column":46}},"210":{"start":{"line":587,"column":8},"end":{"line":587,"column":50}},"211":{"start":{"line":588,"column":8},"end":{"line":588,"column":50}},"212":{"start":{"line":589,"column":8},"end":{"line":589,"column":15}},"213":{"start":{"line":594,"column":2},"end":{"line":621,"column":5}},"214":{"start":{"line":622,"column":2},"end":{"line":654,"column":5}},"215":{"start":{"line":656,"column":0},"end":{"line":690,"column":3}},"216":{"start":{"line":657,"column":13},"end":{"line":661,"column":3}},"217":{"start":{"line":658,"column":4},"end":{"line":660,"column":7}},"218":{"start":{"line":659,"column":6},"end":{"line":659,"column":67}},"219":{"start":{"line":663,"column":2},"end":{"line":671,"column":5}},"220":{"start":{"line":666,"column":26},"end":{"line":666,"column":46}},"221":{"start":{"line":667,"column":6},"end":{"line":667,"column":50}},"222":{"start":{"line":668,"column":6},"end":{"line":668,"column":50}},"223":{"start":{"line":669,"column":6},"end":{"line":669,"column":87}},"224":{"start":{"line":672,"column":2},"end":{"line":680,"column":5}},"225":{"start":{"line":675,"column":26},"end":{"line":675,"column":46}},"226":{"start":{"line":676,"column":6},"end":{"line":676,"column":50}},"227":{"start":{"line":677,"column":6},"end":{"line":677,"column":50}},"228":{"start":{"line":678,"column":6},"end":{"line":678,"column":87}},"229":{"start":{"line":681,"column":2},"end":{"line":689,"column":5}},"230":{"start":{"line":684,"column":26},"end":{"line":684,"column":46}},"231":{"start":{"line":685,"column":6},"end":{"line":685,"column":50}},"232":{"start":{"line":686,"column":6},"end":{"line":686,"column":50}},"233":{"start":{"line":687,"column":6},"end":{"line":687,"column":87}},"234":{"start":{"line":691,"column":0},"end":{"line":752,"column":3}},"235":{"start":{"line":693,"column":2},"end":{"line":693,"column":33}},"236":{"start":{"line":693,"column":26},"end":{"line":693,"column":33}},"237":{"start":{"line":694,"column":2},"end":{"line":713,"column":4}},"238":{"start":{"line":714,"column":2},"end":{"line":737,"column":5}},"239":{"start":{"line":716,"column":4},"end":{"line":716,"column":26}},"240":{"start":{"line":718,"column":4},"end":{"line":718,"column":46}},"241":{"start":{"line":719,"column":4},"end":{"line":719,"column":33}},"242":{"start":{"line":720,"column":4},"end":{"line":720,"column":28}},"243":{"start":{"line":721,"column":4},"end":{"line":721,"column":42}},"244":{"start":{"line":722,"column":4},"end":{"line":722,"column":53}},"245":{"start":{"line":723,"column":4},"end":{"line":723,"column":56}},"246":{"start":{"line":724,"column":4},"end":{"line":724,"column":27}},"247":{"start":{"line":726,"column":4},"end":{"line":736,"column":7}},"248":{"start":{"line":727,"column":20},"end":{"line":727,"column":38}},"249":{"start":{"line":728,"column":6},"end":{"line":728,"column":30}},"250":{"start":{"line":729,"column":6},"end":{"line":729,"column":44}},"251":{"start":{"line":730,"column":6},"end":{"line":730,"column":55}},"252":{"start":{"line":731,"column":6},"end":{"line":731,"column":58}},"253":{"start":{"line":732,"column":6},"end":{"line":735,"column":9}},"254":{"start":{"line":733,"column":8},"end":{"line":733,"column":34}},"255":{"start":{"line":733,"column":17},"end":{"line":733,"column":34}},"256":{"start":{"line":734,"column":8},"end":{"line":734,"column":15}},"257":{"start":{"line":738,"column":2},"end":{"line":751,"column":5}},"258":{"start":{"line":740,"column":4},"end":{"line":740,"column":26}},"259":{"start":{"line":741,"column":4},"end":{"line":741,"column":30}},"260":{"start":{"line":743,"column":4},"end":{"line":743,"column":43}},"261":{"start":{"line":744,"column":4},"end":{"line":744,"column":53}},"262":{"start":{"line":746,"column":4},"end":{"line":750,"column":7}},"263":{"start":{"line":747,"column":6},"end":{"line":747,"column":55}},"264":{"start":{"line":748,"column":6},"end":{"line":748,"column":33}},"265":{"start":{"line":749,"column":6},"end":{"line":749,"column":13}},"266":{"start":{"line":753,"column":0},"end":{"line":992,"column":3}},"267":{"start":{"line":754,"column":2},"end":{"line":754,"column":33}},"268":{"start":{"line":754,"column":26},"end":{"line":754,"column":33}},"269":{"start":{"line":757,"column":16},"end":{"line":757,"column":90}},"270":{"start":{"line":758,"column":4},"end":{"line":769,"column":7}},"271":{"start":{"line":760,"column":6},"end":{"line":760,"column":28}},"272":{"start":{"line":761,"column":6},"end":{"line":761,"column":78}},"273":{"start":{"line":762,"column":6},"end":{"line":762,"column":51}},"274":{"start":{"line":763,"column":6},"end":{"line":763,"column":51}},"275":{"start":{"line":764,"column":6},"end":{"line":768,"column":9}},"276":{"start":{"line":765,"column":8},"end":{"line":765,"column":50}},"277":{"start":{"line":766,"column":8},"end":{"line":766,"column":50}},"278":{"start":{"line":767,"column":8},"end":{"line":767,"column":15}},"279":{"start":{"line":772,"column":2},"end":{"line":905,"column":5}},"280":{"start":{"line":773,"column":4},"end":{"line":798,"column":7}},"281":{"start":{"line":799,"column":4},"end":{"line":824,"column":7}},"282":{"start":{"line":825,"column":4},"end":{"line":850,"column":7}},"283":{"start":{"line":851,"column":4},"end":{"line":877,"column":7}},"284":{"start":{"line":878,"column":4},"end":{"line":904,"column":7}},"285":{"start":{"line":906,"column":2},"end":{"line":991,"column":5}},"286":{"start":{"line":907,"column":4},"end":{"line":934,"column":7}},"287":{"start":{"line":935,"column":4},"end":{"line":962,"column":7}},"288":{"start":{"line":963,"column":4},"end":{"line":990,"column":7}},"289":{"start":{"line":993,"column":0},"end":{"line":1391,"column":3}},"290":{"start":{"line":994,"column":13},"end":{"line":1009,"column":3}},"291":{"start":{"line":995,"column":26},"end":{"line":995,"column":78}},"292":{"start":{"line":996,"column":16},"end":{"line":996,"column":97}},"293":{"start":{"line":997,"column":4},"end":{"line":1008,"column":7}},"294":{"start":{"line":999,"column":6},"end":{"line":999,"column":28}},"295":{"start":{"line":1001,"column":6},"end":{"line":1001,"column":67}},"296":{"start":{"line":1002,"column":6},"end":{"line":1002,"column":57}},"297":{"start":{"line":1004,"column":6},"end":{"line":1007,"column":9}},"298":{"start":{"line":1005,"column":8},"end":{"line":1005,"column":59}},"299":{"start":{"line":1006,"column":8},"end":{"line":1006,"column":15}},"300":{"start":{"line":1011,"column":24},"end":{"line":1031,"column":3}},"301":{"start":{"line":1032,"column":2},"end":{"line":1040,"column":5}},"302":{"start":{"line":1033,"column":4},"end":{"line":1035,"column":47}},"303":{"start":{"line":1034,"column":6},"end":{"line":1034,"column":52}},"304":{"start":{"line":1036,"column":4},"end":{"line":1039,"column":7}},"305":{"start":{"line":1037,"column":6},"end":{"line":1037,"column":78}},"306":{"start":{"line":1038,"column":6},"end":{"line":1038,"column":13}},"307":{"start":{"line":1041,"column":2},"end":{"line":1067,"column":5}},"308":{"start":{"line":1068,"column":2},"end":{"line":1094,"column":5}},"309":{"start":{"line":1095,"column":2},"end":{"line":1122,"column":5}},"310":{"start":{"line":1123,"column":2},"end":{"line":1149,"column":5}},"311":{"start":{"line":1150,"column":2},"end":{"line":1176,"column":5}},"312":{"start":{"line":1177,"column":2},"end":{"line":1203,"column":5}},"313":{"start":{"line":1204,"column":2},"end":{"line":1229,"column":5}},"314":{"start":{"line":1230,"column":2},"end":{"line":1255,"column":5}},"315":{"start":{"line":1256,"column":2},"end":{"line":1281,"column":5}},"316":{"start":{"line":1282,"column":2},"end":{"line":1307,"column":5}},"317":{"start":{"line":1308,"column":2},"end":{"line":1334,"column":5}},"318":{"start":{"line":1335,"column":2},"end":{"line":1362,"column":5}},"319":{"start":{"line":1363,"column":2},"end":{"line":1390,"column":5}}},"fnMap":{"0":{"name":"(anonymous_0)","decl":{"start":{"line":20,"column":46},"end":{"line":20,"column":47}},"loc":{"start":{"line":20,"column":58},"end":{"line":76,"column":1}},"line":20},"1":{"name":"(anonymous_1)","decl":{"start":{"line":21,"column":13},"end":{"line":21,"column":14}},"loc":{"start":{"line":21,"column":26},"end":{"line":25,"column":3}},"line":21},"2":{"name":"(anonymous_2)","decl":{"start":{"line":22,"column":22},"end":{"line":22,"column":23}},"loc":{"start":{"line":22,"column":34},"end":{"line":24,"column":5}},"line":22},"3":{"name":"(anonymous_3)","decl":{"start":{"line":30,"column":16},"end":{"line":30,"column":17}},"loc":{"start":{"line":30,"column":33},"end":{"line":32,"column":5}},"line":30},"4":{"name":"(anonymous_4)","decl":{"start":{"line":37,"column":16},"end":{"line":37,"column":17}},"loc":{"start":{"line":37,"column":33},"end":{"line":39,"column":5}},"line":37},"5":{"name":"(anonymous_5)","decl":{"start":{"line":44,"column":16},"end":{"line":44,"column":17}},"loc":{"start":{"line":44,"column":33},"end":{"line":46,"column":5}},"line":44},"6":{"name":"(anonymous_6)","decl":{"start":{"line":51,"column":16},"end":{"line":51,"column":17}},"loc":{"start":{"line":51,"column":33},"end":{"line":53,"column":5}},"line":51},"7":{"name":"(anonymous_7)","decl":{"start":{"line":58,"column":16},"end":{"line":58,"column":17}},"loc":{"start":{"line":58,"column":33},"end":{"line":60,"column":5}},"line":58},"8":{"name":"(anonymous_8)","decl":{"start":{"line":65,"column":16},"end":{"line":65,"column":17}},"loc":{"start":{"line":65,"column":33},"end":{"line":67,"column":5}},"line":65},"9":{"name":"(anonymous_9)","decl":{"start":{"line":72,"column":16},"end":{"line":72,"column":17}},"loc":{"start":{"line":72,"column":33},"end":{"line":74,"column":5}},"line":72},"10":{"name":"(anonymous_10)","decl":{"start":{"line":77,"column":49},"end":{"line":77,"column":50}},"loc":{"start":{"line":77,"column":61},"end":{"line":103,"column":1}},"line":77},"11":{"name":"(anonymous_11)","decl":{"start":{"line":78,"column":13},"end":{"line":78,"column":14}},"loc":{"start":{"line":78,"column":26},"end":{"line":82,"column":3}},"line":78},"12":{"name":"(anonymous_12)","decl":{"start":{"line":79,"column":22},"end":{"line":79,"column":23}},"loc":{"start":{"line":79,"column":34},"end":{"line":81,"column":5}},"line":79},"13":{"name":"(anonymous_13)","decl":{"start":{"line":85,"column":713},"end":{"line":85,"column":714}},"loc":{"start":{"line":85,"column":726},"end":{"line":93,"column":3}},"line":85},"14":{"name":"(anonymous_14)","decl":{"start":{"line":89,"column":18},"end":{"line":89,"column":19}},"loc":{"start":{"line":89,"column":38},"end":{"line":91,"column":7}},"line":89},"15":{"name":"(anonymous_15)","decl":{"start":{"line":94,"column":106},"end":{"line":94,"column":107}},"loc":{"start":{"line":94,"column":119},"end":{"line":102,"column":3}},"line":94},"16":{"name":"(anonymous_16)","decl":{"start":{"line":98,"column":18},"end":{"line":98,"column":19}},"loc":{"start":{"line":98,"column":38},"end":{"line":100,"column":7}},"line":98},"17":{"name":"(anonymous_17)","decl":{"start":{"line":104,"column":41},"end":{"line":104,"column":42}},"loc":{"start":{"line":104,"column":53},"end":{"line":204,"column":1}},"line":104},"18":{"name":"(anonymous_18)","decl":{"start":{"line":105,"column":13},"end":{"line":105,"column":14}},"loc":{"start":{"line":105,"column":26},"end":{"line":109,"column":3}},"line":105},"19":{"name":"(anonymous_19)","decl":{"start":{"line":106,"column":22},"end":{"line":106,"column":23}},"loc":{"start":{"line":106,"column":34},"end":{"line":108,"column":5}},"line":106},"20":{"name":"(anonymous_20)","decl":{"start":{"line":117,"column":16},"end":{"line":117,"column":17}},"loc":{"start":{"line":117,"column":34},"end":{"line":119,"column":5}},"line":117},"21":{"name":"(anonymous_21)","decl":{"start":{"line":127,"column":16},"end":{"line":127,"column":17}},"loc":{"start":{"line":127,"column":34},"end":{"line":129,"column":5}},"line":127},"22":{"name":"(anonymous_22)","decl":{"start":{"line":137,"column":16},"end":{"line":137,"column":17}},"loc":{"start":{"line":137,"column":34},"end":{"line":139,"column":5}},"line":137},"23":{"name":"(anonymous_23)","decl":{"start":{"line":146,"column":16},"end":{"line":146,"column":17}},"loc":{"start":{"line":146,"column":34},"end":{"line":148,"column":5}},"line":146},"24":{"name":"(anonymous_24)","decl":{"start":{"line":155,"column":16},"end":{"line":155,"column":17}},"loc":{"start":{"line":155,"column":34},"end":{"line":157,"column":5}},"line":155},"25":{"name":"(anonymous_25)","decl":{"start":{"line":164,"column":16},"end":{"line":164,"column":17}},"loc":{"start":{"line":164,"column":34},"end":{"line":166,"column":5}},"line":164},"26":{"name":"(anonymous_26)","decl":{"start":{"line":173,"column":16},"end":{"line":173,"column":17}},"loc":{"start":{"line":173,"column":34},"end":{"line":175,"column":5}},"line":173},"27":{"name":"(anonymous_27)","decl":{"start":{"line":182,"column":16},"end":{"line":182,"column":17}},"loc":{"start":{"line":182,"column":34},"end":{"line":184,"column":5}},"line":182},"28":{"name":"(anonymous_28)","decl":{"start":{"line":191,"column":16},"end":{"line":191,"column":17}},"loc":{"start":{"line":191,"column":34},"end":{"line":193,"column":5}},"line":191},"29":{"name":"(anonymous_29)","decl":{"start":{"line":200,"column":16},"end":{"line":200,"column":17}},"loc":{"start":{"line":200,"column":34},"end":{"line":202,"column":5}},"line":200},"30":{"name":"(anonymous_30)","decl":{"start":{"line":205,"column":50},"end":{"line":205,"column":51}},"loc":{"start":{"line":205,"column":62},"end":{"line":233,"column":1}},"line":205},"31":{"name":"(anonymous_31)","decl":{"start":{"line":206,"column":13},"end":{"line":206,"column":14}},"loc":{"start":{"line":206,"column":26},"end":{"line":210,"column":3}},"line":206},"32":{"name":"(anonymous_32)","decl":{"start":{"line":207,"column":22},"end":{"line":207,"column":23}},"loc":{"start":{"line":207,"column":34},"end":{"line":209,"column":5}},"line":207},"33":{"name":"(anonymous_33)","decl":{"start":{"line":215,"column":16},"end":{"line":215,"column":17}},"loc":{"start":{"line":215,"column":39},"end":{"line":217,"column":5}},"line":215},"34":{"name":"(anonymous_34)","decl":{"start":{"line":222,"column":16},"end":{"line":222,"column":17}},"loc":{"start":{"line":222,"column":39},"end":{"line":224,"column":5}},"line":222},"35":{"name":"(anonymous_35)","decl":{"start":{"line":229,"column":16},"end":{"line":229,"column":17}},"loc":{"start":{"line":229,"column":39},"end":{"line":231,"column":5}},"line":229},"36":{"name":"(anonymous_36)","decl":{"start":{"line":234,"column":33},"end":{"line":234,"column":34}},"loc":{"start":{"line":234,"column":45},"end":{"line":248,"column":1}},"line":234},"37":{"name":"(anonymous_37)","decl":{"start":{"line":242,"column":64},"end":{"line":242,"column":65}},"loc":{"start":{"line":242,"column":76},"end":{"line":247,"column":3}},"line":242},"38":{"name":"(anonymous_38)","decl":{"start":{"line":249,"column":53},"end":{"line":249,"column":54}},"loc":{"start":{"line":249,"column":65},"end":{"line":300,"column":1}},"line":249},"39":{"name":"(anonymous_39)","decl":{"start":{"line":250,"column":13},"end":{"line":250,"column":14}},"loc":{"start":{"line":250,"column":26},"end":{"line":256,"column":3}},"line":250},"40":{"name":"(anonymous_40)","decl":{"start":{"line":251,"column":44},"end":{"line":251,"column":45}},"loc":{"start":{"line":251,"column":56},"end":{"line":255,"column":5}},"line":251},"41":{"name":"(anonymous_41)","decl":{"start":{"line":261,"column":16},"end":{"line":261,"column":17}},"loc":{"start":{"line":261,"column":35},"end":{"line":263,"column":5}},"line":261},"42":{"name":"(anonymous_42)","decl":{"start":{"line":268,"column":16},"end":{"line":268,"column":17}},"loc":{"start":{"line":268,"column":35},"end":{"line":270,"column":5}},"line":268},"43":{"name":"(anonymous_43)","decl":{"start":{"line":275,"column":16},"end":{"line":275,"column":17}},"loc":{"start":{"line":275,"column":35},"end":{"line":277,"column":5}},"line":275},"44":{"name":"(anonymous_44)","decl":{"start":{"line":282,"column":16},"end":{"line":282,"column":17}},"loc":{"start":{"line":282,"column":35},"end":{"line":284,"column":5}},"line":282},"45":{"name":"(anonymous_45)","decl":{"start":{"line":289,"column":16},"end":{"line":289,"column":17}},"loc":{"start":{"line":289,"column":35},"end":{"line":291,"column":5}},"line":289},"46":{"name":"(anonymous_46)","decl":{"start":{"line":296,"column":16},"end":{"line":296,"column":17}},"loc":{"start":{"line":296,"column":35},"end":{"line":298,"column":5}},"line":296},"47":{"name":"(anonymous_47)","decl":{"start":{"line":301,"column":70},"end":{"line":301,"column":71}},"loc":{"start":{"line":301,"column":82},"end":{"line":344,"column":1}},"line":301},"48":{"name":"(anonymous_48)","decl":{"start":{"line":302,"column":13},"end":{"line":302,"column":14}},"loc":{"start":{"line":302,"column":35},"end":{"line":315,"column":3}},"line":302},"49":{"name":"(anonymous_49)","decl":{"start":{"line":317,"column":17},"end":{"line":317,"column":18}},"loc":{"start":{"line":317,"column":30},"end":{"line":339,"column":3}},"line":317},"50":{"name":"(anonymous_50)","decl":{"start":{"line":318,"column":18},"end":{"line":318,"column":19}},"loc":{"start":{"line":318,"column":36},"end":{"line":332,"column":5}},"line":318},"51":{"name":"(anonymous_51)","decl":{"start":{"line":319,"column":60},"end":{"line":319,"column":61}},"loc":{"start":{"line":319,"column":76},"end":{"line":331,"column":7}},"line":319},"52":{"name":"(anonymous_52)","decl":{"start":{"line":324,"column":32},"end":{"line":324,"column":33}},"loc":{"start":{"line":324,"column":46},"end":{"line":330,"column":9}},"line":324},"53":{"name":"(anonymous_53)","decl":{"start":{"line":326,"column":36},"end":{"line":326,"column":37}},"loc":{"start":{"line":326,"column":50},"end":{"line":329,"column":11}},"line":326},"54":{"name":"(anonymous_54)","decl":{"start":{"line":345,"column":23},"end":{"line":345,"column":24}},"loc":{"start":{"line":345,"column":35},"end":{"line":404,"column":1}},"line":345},"55":{"name":"(anonymous_55)","decl":{"start":{"line":346,"column":13},"end":{"line":346,"column":14}},"loc":{"start":{"line":346,"column":26},"end":{"line":354,"column":3}},"line":346},"56":{"name":"(anonymous_56)","decl":{"start":{"line":348,"column":14},"end":{"line":348,"column":15}},"loc":{"start":{"line":348,"column":26},"end":{"line":353,"column":5}},"line":348},"57":{"name":"(anonymous_57)","decl":{"start":{"line":356,"column":17},"end":{"line":356,"column":18}},"loc":{"start":{"line":356,"column":30},"end":{"line":390,"column":3}},"line":356},"58":{"name":"(anonymous_58)","decl":{"start":{"line":405,"column":23},"end":{"line":405,"column":24}},"loc":{"start":{"line":405,"column":35},"end":{"line":464,"column":1}},"line":405},"59":{"name":"(anonymous_59)","decl":{"start":{"line":406,"column":13},"end":{"line":406,"column":14}},"loc":{"start":{"line":406,"column":26},"end":{"line":414,"column":3}},"line":406},"60":{"name":"(anonymous_60)","decl":{"start":{"line":408,"column":14},"end":{"line":408,"column":15}},"loc":{"start":{"line":408,"column":26},"end":{"line":413,"column":5}},"line":408},"61":{"name":"(anonymous_61)","decl":{"start":{"line":416,"column":17},"end":{"line":416,"column":18}},"loc":{"start":{"line":416,"column":30},"end":{"line":450,"column":3}},"line":416},"62":{"name":"(anonymous_62)","decl":{"start":{"line":467,"column":27},"end":{"line":467,"column":28}},"loc":{"start":{"line":467,"column":39},"end":{"line":544,"column":1}},"line":467},"63":{"name":"(anonymous_63)","decl":{"start":{"line":468,"column":13},"end":{"line":468,"column":14}},"loc":{"start":{"line":468,"column":26},"end":{"line":522,"column":3}},"line":468},"64":{"name":"(anonymous_64)","decl":{"start":{"line":470,"column":11},"end":{"line":470,"column":12}},"loc":{"start":{"line":470,"column":23},"end":{"line":473,"column":5}},"line":470},"65":{"name":"(anonymous_65)","decl":{"start":{"line":474,"column":10},"end":{"line":474,"column":11}},"loc":{"start":{"line":474,"column":22},"end":{"line":477,"column":5}},"line":474},"66":{"name":"(anonymous_66)","decl":{"start":{"line":478,"column":39},"end":{"line":478,"column":40}},"loc":{"start":{"line":478,"column":55},"end":{"line":499,"column":5}},"line":478},"67":{"name":"(anonymous_67)","decl":{"start":{"line":494,"column":9},"end":{"line":494,"column":10}},"loc":{"start":{"line":494,"column":31},"end":{"line":498,"column":7}},"line":494},"68":{"name":"(anonymous_68)","decl":{"start":{"line":500,"column":37},"end":{"line":500,"column":38}},"loc":{"start":{"line":500,"column":53},"end":{"line":521,"column":5}},"line":500},"69":{"name":"(anonymous_69)","decl":{"start":{"line":516,"column":9},"end":{"line":516,"column":10}},"loc":{"start":{"line":516,"column":31},"end":{"line":520,"column":7}},"line":516},"70":{"name":"(anonymous_70)","decl":{"start":{"line":545,"column":40},"end":{"line":545,"column":41}},"loc":{"start":{"line":545,"column":52},"end":{"line":567,"column":1}},"line":545},"71":{"name":"(anonymous_71)","decl":{"start":{"line":546,"column":13},"end":{"line":546,"column":14}},"loc":{"start":{"line":546,"column":26},"end":{"line":551,"column":3}},"line":546},"72":{"name":"(anonymous_72)","decl":{"start":{"line":547,"column":65},"end":{"line":547,"column":66}},"loc":{"start":{"line":547,"column":77},"end":{"line":550,"column":5}},"line":547},"73":{"name":"(anonymous_73)","decl":{"start":{"line":568,"column":29},"end":{"line":568,"column":30}},"loc":{"start":{"line":568,"column":41},"end":{"line":655,"column":1}},"line":568},"74":{"name":"(anonymous_74)","decl":{"start":{"line":569,"column":13},"end":{"line":569,"column":14}},"loc":{"start":{"line":569,"column":26},"end":{"line":592,"column":3}},"line":569},"75":{"name":"(anonymous_75)","decl":{"start":{"line":570,"column":20},"end":{"line":570,"column":21}},"loc":{"start":{"line":570,"column":36},"end":{"line":591,"column":5}},"line":570},"76":{"name":"(anonymous_76)","decl":{"start":{"line":585,"column":9},"end":{"line":585,"column":10}},"loc":{"start":{"line":585,"column":27},"end":{"line":590,"column":7}},"line":585},"77":{"name":"(anonymous_77)","decl":{"start":{"line":656,"column":39},"end":{"line":656,"column":40}},"loc":{"start":{"line":656,"column":51},"end":{"line":690,"column":1}},"line":656},"78":{"name":"(anonymous_78)","decl":{"start":{"line":657,"column":13},"end":{"line":657,"column":14}},"loc":{"start":{"line":657,"column":26},"end":{"line":661,"column":3}},"line":657},"79":{"name":"(anonymous_79)","decl":{"start":{"line":658,"column":18},"end":{"line":658,"column":19}},"loc":{"start":{"line":658,"column":30},"end":{"line":660,"column":5}},"line":658},"80":{"name":"(anonymous_80)","decl":{"start":{"line":665,"column":16},"end":{"line":665,"column":17}},"loc":{"start":{"line":665,"column":36},"end":{"line":670,"column":5}},"line":665},"81":{"name":"(anonymous_81)","decl":{"start":{"line":674,"column":16},"end":{"line":674,"column":17}},"loc":{"start":{"line":674,"column":36},"end":{"line":679,"column":5}},"line":674},"82":{"name":"(anonymous_82)","decl":{"start":{"line":683,"column":16},"end":{"line":683,"column":17}},"loc":{"start":{"line":683,"column":36},"end":{"line":688,"column":5}},"line":683},"83":{"name":"(anonymous_83)","decl":{"start":{"line":691,"column":27},"end":{"line":691,"column":28}},"loc":{"start":{"line":691,"column":39},"end":{"line":752,"column":1}},"line":691},"84":{"name":"(anonymous_84)","decl":{"start":{"line":714,"column":32},"end":{"line":714,"column":33}},"loc":{"start":{"line":714,"column":48},"end":{"line":737,"column":3}},"line":714},"85":{"name":"(anonymous_85)","decl":{"start":{"line":726,"column":42},"end":{"line":726,"column":43}},"loc":{"start":{"line":726,"column":61},"end":{"line":736,"column":5}},"line":726},"86":{"name":"(anonymous_86)","decl":{"start":{"line":732,"column":25},"end":{"line":732,"column":26}},"loc":{"start":{"line":732,"column":40},"end":{"line":735,"column":7}},"line":732},"87":{"name":"(anonymous_87)","decl":{"start":{"line":738,"column":37},"end":{"line":738,"column":38}},"loc":{"start":{"line":738,"column":53},"end":{"line":751,"column":3}},"line":738},"88":{"name":"(anonymous_88)","decl":{"start":{"line":746,"column":42},"end":{"line":746,"column":43}},"loc":{"start":{"line":746,"column":58},"end":{"line":750,"column":5}},"line":746},"89":{"name":"(anonymous_89)","decl":{"start":{"line":753,"column":38},"end":{"line":753,"column":39}},"loc":{"start":{"line":753,"column":50},"end":{"line":992,"column":1}},"line":753},"90":{"name":"test","decl":{"start":{"line":756,"column":11},"end":{"line":756,"column":15}},"loc":{"start":{"line":756,"column":19},"end":{"line":770,"column":3}},"line":756},"91":{"name":"(anonymous_91)","decl":{"start":{"line":758,"column":14},"end":{"line":758,"column":15}},"loc":{"start":{"line":758,"column":30},"end":{"line":769,"column":5}},"line":758},"92":{"name":"(anonymous_92)","decl":{"start":{"line":764,"column":66},"end":{"line":764,"column":67}},"loc":{"start":{"line":764,"column":84},"end":{"line":768,"column":7}},"line":764},"93":{"name":"(anonymous_93)","decl":{"start":{"line":772,"column":24},"end":{"line":772,"column":25}},"loc":{"start":{"line":772,"column":36},"end":{"line":905,"column":3}},"line":772},"94":{"name":"(anonymous_94)","decl":{"start":{"line":906,"column":24},"end":{"line":906,"column":25}},"loc":{"start":{"line":906,"column":36},"end":{"line":991,"column":3}},"line":906},"95":{"name":"(anonymous_95)","decl":{"start":{"line":993,"column":58},"end":{"line":993,"column":59}},"loc":{"start":{"line":993,"column":70},"end":{"line":1391,"column":1}},"line":993},"96":{"name":"(anonymous_96)","decl":{"start":{"line":994,"column":13},"end":{"line":994,"column":14}},"loc":{"start":{"line":994,"column":26},"end":{"line":1009,"column":3}},"line":994},"97":{"name":"(anonymous_97)","decl":{"start":{"line":997,"column":14},"end":{"line":997,"column":15}},"loc":{"start":{"line":997,"column":30},"end":{"line":1008,"column":5}},"line":997},"98":{"name":"(anonymous_98)","decl":{"start":{"line":1004,"column":62},"end":{"line":1004,"column":63}},"loc":{"start":{"line":1004,"column":76},"end":{"line":1007,"column":7}},"line":1004},"99":{"name":"(anonymous_99)","decl":{"start":{"line":1032,"column":45},"end":{"line":1032,"column":46}},"loc":{"start":{"line":1032,"column":61},"end":{"line":1040,"column":3}},"line":1032},"100":{"name":"(anonymous_100)","decl":{"start":{"line":1033,"column":18},"end":{"line":1033,"column":19}},"loc":{"start":{"line":1033,"column":30},"end":{"line":1035,"column":5}},"line":1033},"101":{"name":"(anonymous_101)","decl":{"start":{"line":1036,"column":50},"end":{"line":1036,"column":51}},"loc":{"start":{"line":1036,"column":65},"end":{"line":1039,"column":5}},"line":1036}},"branchMap":{"0":{"loc":{"start":{"line":488,"column":6},"end":{"line":488,"column":52}},"type":"if","locations":[{"start":{"line":488,"column":6},"end":{"line":488,"column":52}},{"start":{"line":488,"column":6},"end":{"line":488,"column":52}}],"line":488},"1":{"loc":{"start":{"line":495,"column":8},"end":{"line":495,"column":54}},"type":"if","locations":[{"start":{"line":495,"column":8},"end":{"line":495,"column":54}},{"start":{"line":495,"column":8},"end":{"line":495,"column":54}}],"line":495},"2":{"loc":{"start":{"line":510,"column":6},"end":{"line":510,"column":52}},"type":"if","locations":[{"start":{"line":510,"column":6},"end":{"line":510,"column":52}},{"start":{"line":510,"column":6},"end":{"line":510,"column":52}}],"line":510},"3":{"loc":{"start":{"line":517,"column":8},"end":{"line":517,"column":54}},"type":"if","locations":[{"start":{"line":517,"column":8},"end":{"line":517,"column":54}},{"start":{"line":517,"column":8},"end":{"line":517,"column":54}}],"line":517},"4":{"loc":{"start":{"line":578,"column":6},"end":{"line":578,"column":50}},"type":"if","locations":[{"start":{"line":578,"column":6},"end":{"line":578,"column":50}},{"start":{"line":578,"column":6},"end":{"line":578,"column":50}}],"line":578},"5":{"loc":{"start":{"line":586,"column":8},"end":{"line":586,"column":46}},"type":"if","locations":[{"start":{"line":586,"column":8},"end":{"line":586,"column":46}},{"start":{"line":586,"column":8},"end":{"line":586,"column":46}}],"line":586},"6":{"loc":{"start":{"line":693,"column":2},"end":{"line":693,"column":33}},"type":"if","locations":[{"start":{"line":693,"column":2},"end":{"line":693,"column":33}},{"start":{"line":693,"column":2},"end":{"line":693,"column":33}}],"line":693},"7":{"loc":{"start":{"line":733,"column":8},"end":{"line":733,"column":34}},"type":"if","locations":[{"start":{"line":733,"column":8},"end":{"line":733,"column":34}},{"start":{"line":733,"column":8},"end":{"line":733,"column":34}}],"line":733},"8":{"loc":{"start":{"line":754,"column":2},"end":{"line":754,"column":33}},"type":"if","locations":[{"start":{"line":754,"column":2},"end":{"line":754,"column":33}},{"start":{"line":754,"column":2},"end":{"line":754,"column":33}}],"line":754},"9":{"loc":{"start":{"line":995,"column":26},"end":{"line":995,"column":78}},"type":"binary-expr","locations":[{"start":{"line":995,"column":26},"end":{"line":995,"column":50}},{"start":{"line":995,"column":54},"end":{"line":995,"column":78}}],"line":995}},"s":{"0":1,"1":1,"2":1,"3":1,"4":1,"5":1,"6":1,"7":1,"8":1,"9":1,"10":7,"11":7,"12":1,"13":1,"14":1,"15":1,"16":1,"17":1,"18":1,"19":1,"20":1,"21":1,"22":1,"23":1,"24":1,"25":1,"26":1,"27":1,"28":21,"29":21,"30":1,"31":13,"32":13,"33":1,"34":8,"35":8,"36":1,"37":1,"38":10,"39":10,"40":1,"41":1,"42":1,"43":1,"44":1,"45":1,"46":1,"47":1,"48":1,"49":1,"50":1,"51":1,"52":1,"53":1,"54":1,"55":1,"56":1,"57":1,"58":1,"59":1,"60":1,"61":1,"62":3,"63":3,"64":1,"65":1,"66":1,"67":1,"68":1,"69":1,"70":1,"71":1,"72":1,"73":1,"74":1,"75":1,"76":1,"77":1,"78":1,"79":1,"80":1,"81":1,"82":1,"83":6,"84":6,"85":6,"86":6,"87":1,"88":3,"89":1,"90":3,"91":1,"92":3,"93":1,"94":3,"95":1,"96":3,"97":1,"98":3,"99":1,"100":1,"101":200,"102":200,"103":200,"104":200,"105":200,"106":200,"107":200,"108":200,"109":200,"110":200,"111":200,"112":200,"113":1,"114":25,"115":50,"116":50,"117":50,"118":50,"119":50,"120":50,"121":50,"122":50,"123":25,"124":25,"125":1,"126":25,"127":1,"128":1,"129":6,"130":6,"131":6,"132":6,"133":6,"134":6,"135":1,"136":2,"137":2,"138":2,"139":1,"140":1,"141":1,"142":1,"143":6,"144":6,"145":6,"146":6,"147":6,"148":6,"149":1,"150":2,"151":2,"152":2,"153":1,"154":1,"155":1,"156":1,"157":2,"158":2,"159":2,"160":2,"161":2,"162":2,"163":2,"164":2,"165":2,"166":2,"167":2,"168":2,"169":0,"170":2,"171":2,"172":2,"173":0,"174":2,"175":2,"176":2,"177":2,"178":2,"179":2,"180":2,"181":2,"182":0,"183":2,"184":2,"185":2,"186":0,"187":2,"188":2,"189":1,"190":1,"191":1,"192":1,"193":2,"194":2,"195":2,"196":1,"197":1,"198":1,"199":1,"200":2,"201":2,"202":2,"203":2,"204":0,"205":2,"206":2,"207":2,"208":2,"209":0,"210":2,"211":2,"212":2,"213":1,"214":1,"215":1,"216":1,"217":3,"218":3,"219":1,"220":1,"221":1,"222":1,"223":1,"224":1,"225":1,"226":1,"227":1,"228":1,"229":1,"230":1,"231":1,"232":1,"233":1,"234":1,"235":1,"236":0,"237":1,"238":1,"239":1,"240":1,"241":1,"242":1,"243":1,"244":1,"245":1,"246":1,"247":1,"248":1,"249":1,"250":1,"251":1,"252":1,"253":1,"254":1,"255":0,"256":1,"257":1,"258":1,"259":1,"260":1,"261":1,"262":1,"263":1,"264":1,"265":1,"266":1,"267":1,"268":0,"269":8,"270":8,"271":8,"272":8,"273":8,"274":8,"275":8,"276":8,"277":8,"278":8,"279":1,"280":1,"281":1,"282":1,"283":1,"284":1,"285":1,"286":1,"287":1,"288":1,"289":1,"290":1,"291":13,"292":13,"293":13,"294":13,"295":13,"296":13,"297":13,"298":13,"299":13,"300":1,"301":1,"302":1,"303":1,"304":1,"305":1,"306":1,"307":1,"308":1,"309":1,"310":1,"311":1,"312":1,"313":1,"314":1,"315":1,"316":1,"317":1,"318":1,"319":1},"f":{"0":1,"1":7,"2":7,"3":1,"4":1,"5":1,"6":1,"7":1,"8":1,"9":1,"10":1,"11":21,"12":21,"13":13,"14":13,"15":8,"16":8,"17":1,"18":10,"19":10,"20":1,"21":1,"22":1,"23":1,"24":1,"25":1,"26":1,"27":1,"28":1,"29":1,"30":1,"31":3,"32":3,"33":1,"34":1,"35":1,"36":1,"37":1,"38":1,"39":6,"40":6,"41":3,"42":3,"43":3,"44":3,"45":3,"46":3,"47":1,"48":200,"49":25,"50":50,"51":50,"52":50,"53":50,"54":1,"55":6,"56":6,"57":2,"58":1,"59":6,"60":6,"61":2,"62":1,"63":2,"64":2,"65":2,"66":2,"67":2,"68":2,"69":2,"70":1,"71":2,"72":2,"73":1,"74":2,"75":2,"76":2,"77":1,"78":3,"79":3,"80":1,"81":1,"82":1,"83":1,"84":1,"85":1,"86":1,"87":1,"88":1,"89":1,"90":8,"91":8,"92":8,"93":1,"94":1,"95":1,"96":13,"97":13,"98":13,"99":1,"100":1,"101":1},"b":{"0":[0,2],"1":[0,2],"2":[0,2],"3":[0,2],"4":[0,2],"5":[0,2],"6":[0,1],"7":[0,1],"8":[0,1],"9":[13,7]},"_coverageSchema":"43e27e138ebf9cfc5966b082cf9a028302ed4184","hash":"d531e64dd5c53f574c7d0ab1fd6cf5659bdaca80","contentHash":"b8d894b0dd35677f4fde70c6e31966ee"},"/home/kvhnuke/GitHub/keythereum/index.js":{"path":"/home/kvhnuke/GitHub/keythereum/index.js","statementMap":{"0":{"start":{"line":7,"column":16},"end":{"line":7,"column":95}},"1":{"start":{"line":9,"column":11},"end":{"line":9,"column":26}},"2":{"start":{"line":11,"column":11},"end":{"line":11,"column":26}},"3":{"start":{"line":13,"column":16},"end":{"line":13,"column":45}},"4":{"start":{"line":15,"column":23},"end":{"line":15,"column":43}},"5":{"start":{"line":18,"column":2},"end":{"line":18,"column":33}},"6":{"start":{"line":22,"column":2},"end":{"line":22,"column":63}},"7":{"start":{"line":25,"column":0},"end":{"line":590,"column":2}},"8":{"start":{"line":59,"column":4},"end":{"line":59,"column":71}},"9":{"start":{"line":59,"column":59},"end":{"line":59,"column":71}},"10":{"start":{"line":60,"column":4},"end":{"line":60,"column":17}},"11":{"start":{"line":70,"column":4},"end":{"line":70,"column":72}},"12":{"start":{"line":70,"column":59},"end":{"line":70,"column":72}},"13":{"start":{"line":71,"column":4},"end":{"line":71,"column":29}},"14":{"start":{"line":72,"column":4},"end":{"line":72,"column":70}},"15":{"start":{"line":72,"column":58},"end":{"line":72,"column":70}},"16":{"start":{"line":73,"column":4},"end":{"line":73,"column":17}},"17":{"start":{"line":85,"column":4},"end":{"line":85,"column":55}},"18":{"start":{"line":85,"column":44},"end":{"line":85,"column":55}},"19":{"start":{"line":86,"column":4},"end":{"line":86,"column":45}},"20":{"start":{"line":86,"column":33},"end":{"line":86,"column":45}},"21":{"start":{"line":87,"column":4},"end":{"line":87,"column":51}},"22":{"start":{"line":87,"column":36},"end":{"line":87,"column":51}},"23":{"start":{"line":88,"column":4},"end":{"line":88,"column":33}},"24":{"start":{"line":97,"column":4},"end":{"line":99,"column":7}},"25":{"start":{"line":98,"column":6},"end":{"line":98,"column":29}},"26":{"start":{"line":112,"column":4},"end":{"line":112,"column":41}},"27":{"start":{"line":114,"column":4},"end":{"line":116,"column":5}},"28":{"start":{"line":115,"column":6},"end":{"line":115,"column":50}},"29":{"start":{"line":118,"column":4},"end":{"line":118,"column":83}},"30":{"start":{"line":119,"column":4},"end":{"line":119,"column":56}},"31":{"start":{"line":120,"column":4},"end":{"line":120,"column":55}},"32":{"start":{"line":133,"column":4},"end":{"line":133,"column":41}},"33":{"start":{"line":135,"column":4},"end":{"line":137,"column":5}},"34":{"start":{"line":136,"column":6},"end":{"line":136,"column":50}},"35":{"start":{"line":139,"column":4},"end":{"line":139,"column":87}},"36":{"start":{"line":140,"column":4},"end":{"line":140,"column":58}},"37":{"start":{"line":141,"column":4},"end":{"line":141,"column":56}},"38":{"start":{"line":151,"column":4},"end":{"line":151,"column":48}},"39":{"start":{"line":153,"column":4},"end":{"line":155,"column":5}},"40":{"start":{"line":154,"column":6},"end":{"line":154,"column":106}},"41":{"start":{"line":157,"column":4},"end":{"line":157,"column":76}},"42":{"start":{"line":158,"column":4},"end":{"line":158,"column":66}},"43":{"start":{"line":171,"column":4},"end":{"line":173,"column":5}},"44":{"start":{"line":172,"column":6},"end":{"line":172,"column":122}},"45":{"start":{"line":180,"column":4},"end":{"line":182,"column":5}},"46":{"start":{"line":181,"column":6},"end":{"line":181,"column":73}},"47":{"start":{"line":184,"column":4},"end":{"line":188,"column":88}},"48":{"start":{"line":197,"column":4},"end":{"line":205,"column":18}},"49":{"start":{"line":198,"column":6},"end":{"line":204,"column":7}},"50":{"start":{"line":199,"column":8},"end":{"line":199,"column":109}},"51":{"start":{"line":201,"column":8},"end":{"line":203,"column":9}},"52":{"start":{"line":202,"column":10},"end":{"line":202,"column":82}},"53":{"start":{"line":207,"column":4},"end":{"line":207,"column":17}},"54":{"start":{"line":214,"column":12},"end":{"line":214,"column":58}},"55":{"start":{"line":215,"column":12},"end":{"line":215,"column":58}},"56":{"start":{"line":216,"column":4},"end":{"line":216,"column":40}},"57":{"start":{"line":223,"column":15},"end":{"line":223,"column":19}},"58":{"start":{"line":224,"column":4},"end":{"line":224,"column":68}},"59":{"start":{"line":224,"column":30},"end":{"line":224,"column":68}},"60":{"start":{"line":226,"column":4},"end":{"line":228,"column":5}},"61":{"start":{"line":227,"column":6},"end":{"line":227,"column":90}},"62":{"start":{"line":230,"column":4},"end":{"line":244,"column":5}},"63":{"start":{"line":231,"column":6},"end":{"line":231,"column":295}},"64":{"start":{"line":232,"column":11},"end":{"line":244,"column":5}},"65":{"start":{"line":233,"column":6},"end":{"line":239,"column":9}},"66":{"start":{"line":234,"column":8},"end":{"line":236,"column":11}},"67":{"start":{"line":235,"column":10},"end":{"line":235,"column":42}},"68":{"start":{"line":238,"column":8},"end":{"line":238,"column":292}},"69":{"start":{"line":241,"column":6},"end":{"line":243,"column":12}},"70":{"start":{"line":242,"column":8},"end":{"line":242,"column":294}},"71":{"start":{"line":260,"column":15},"end":{"line":260,"column":19}},"72":{"start":{"line":262,"column":4},"end":{"line":264,"column":5}},"73":{"start":{"line":263,"column":6},"end":{"line":263,"column":72}},"74":{"start":{"line":266,"column":4},"end":{"line":266,"column":28}},"75":{"start":{"line":267,"column":4},"end":{"line":267,"column":48}},"76":{"start":{"line":269,"column":4},"end":{"line":269,"column":46}},"77":{"start":{"line":270,"column":4},"end":{"line":270,"column":30}},"78":{"start":{"line":272,"column":4},"end":{"line":278,"column":5}},"79":{"start":{"line":273,"column":6},"end":{"line":275,"column":7}},"80":{"start":{"line":274,"column":8},"end":{"line":274,"column":76}},"81":{"start":{"line":277,"column":6},"end":{"line":277,"column":77}},"82":{"start":{"line":281,"column":4},"end":{"line":281,"column":61}},"83":{"start":{"line":282,"column":4},"end":{"line":282,"column":46}},"84":{"start":{"line":282,"column":31},"end":{"line":282,"column":46}},"85":{"start":{"line":284,"column":4},"end":{"line":290,"column":5}},"86":{"start":{"line":285,"column":6},"end":{"line":287,"column":7}},"87":{"start":{"line":286,"column":8},"end":{"line":286,"column":259}},"88":{"start":{"line":289,"column":6},"end":{"line":289,"column":161}},"89":{"start":{"line":292,"column":4},"end":{"line":301,"column":5}},"90":{"start":{"line":293,"column":6},"end":{"line":295,"column":12}},"91":{"start":{"line":294,"column":8},"end":{"line":294,"column":256}},"92":{"start":{"line":297,"column":6},"end":{"line":300,"column":9}},"93":{"start":{"line":298,"column":8},"end":{"line":298,"column":30}},"94":{"start":{"line":298,"column":16},"end":{"line":298,"column":30}},"95":{"start":{"line":299,"column":8},"end":{"line":299,"column":23}},"96":{"start":{"line":316,"column":15},"end":{"line":316,"column":19}},"97":{"start":{"line":317,"column":4},"end":{"line":317,"column":26}},"98":{"start":{"line":318,"column":4},"end":{"line":318,"column":58}},"99":{"start":{"line":319,"column":4},"end":{"line":319,"column":55}},"100":{"start":{"line":322,"column":23},"end":{"line":322,"column":53}},"101":{"start":{"line":324,"column":6},"end":{"line":326,"column":7}},"102":{"start":{"line":325,"column":8},"end":{"line":325,"column":39}},"103":{"start":{"line":328,"column":6},"end":{"line":332,"column":8}},"104":{"start":{"line":336,"column":4},"end":{"line":338,"column":5}},"105":{"start":{"line":337,"column":6},"end":{"line":337,"column":96}},"106":{"start":{"line":341,"column":4},"end":{"line":344,"column":7}},"107":{"start":{"line":342,"column":6},"end":{"line":342,"column":30}},"108":{"start":{"line":342,"column":15},"end":{"line":342,"column":30}},"109":{"start":{"line":343,"column":6},"end":{"line":343,"column":50}},"110":{"start":{"line":361,"column":4},"end":{"line":361,"column":28}},"111":{"start":{"line":362,"column":4},"end":{"line":362,"column":48}},"112":{"start":{"line":363,"column":4},"end":{"line":363,"column":51}},"113":{"start":{"line":365,"column":4},"end":{"line":365,"column":93}},"114":{"start":{"line":366,"column":4},"end":{"line":379,"column":6}},"115":{"start":{"line":381,"column":4},"end":{"line":398,"column":5}},"116":{"start":{"line":382,"column":6},"end":{"line":382,"column":38}},"117":{"start":{"line":383,"column":6},"end":{"line":389,"column":8}},"118":{"start":{"line":391,"column":6},"end":{"line":391,"column":38}},"119":{"start":{"line":392,"column":6},"end":{"line":397,"column":8}},"120":{"start":{"line":400,"column":4},"end":{"line":400,"column":21}},"121":{"start":{"line":417,"column":4},"end":{"line":417,"column":28}},"122":{"start":{"line":418,"column":4},"end":{"line":418,"column":26}},"123":{"start":{"line":419,"column":4},"end":{"line":419,"column":42}},"124":{"start":{"line":421,"column":4},"end":{"line":423,"column":5}},"125":{"start":{"line":422,"column":6},"end":{"line":422,"column":98}},"126":{"start":{"line":426,"column":4},"end":{"line":428,"column":18}},"127":{"start":{"line":427,"column":6},"end":{"line":427,"column":66}},"128":{"start":{"line":443,"column":15},"end":{"line":443,"column":19}},"129":{"start":{"line":444,"column":4},"end":{"line":444,"column":59}},"130":{"start":{"line":449,"column":6},"end":{"line":451,"column":7}},"131":{"start":{"line":450,"column":8},"end":{"line":450,"column":64}},"132":{"start":{"line":453,"column":6},"end":{"line":457,"column":7}},"133":{"start":{"line":454,"column":8},"end":{"line":454,"column":62}},"134":{"start":{"line":456,"column":8},"end":{"line":456,"column":38}},"135":{"start":{"line":459,"column":6},"end":{"line":459,"column":53}},"136":{"start":{"line":462,"column":4},"end":{"line":462,"column":55}},"137":{"start":{"line":463,"column":4},"end":{"line":463,"column":56}},"138":{"start":{"line":464,"column":4},"end":{"line":464,"column":58}},"139":{"start":{"line":465,"column":4},"end":{"line":465,"column":34}},"140":{"start":{"line":467,"column":4},"end":{"line":469,"column":5}},"141":{"start":{"line":468,"column":6},"end":{"line":468,"column":64}},"142":{"start":{"line":472,"column":4},"end":{"line":474,"column":5}},"143":{"start":{"line":473,"column":6},"end":{"line":473,"column":107}},"144":{"start":{"line":476,"column":4},"end":{"line":482,"column":7}},"145":{"start":{"line":477,"column":6},"end":{"line":481,"column":7}},"146":{"start":{"line":478,"column":8},"end":{"line":478,"column":69}},"147":{"start":{"line":480,"column":8},"end":{"line":480,"column":16}},"148":{"start":{"line":491,"column":19},"end":{"line":491,"column":70}},"149":{"start":{"line":493,"column":4},"end":{"line":493,"column":79}},"150":{"start":{"line":493,"column":38},"end":{"line":493,"column":79}},"151":{"start":{"line":494,"column":4},"end":{"line":494,"column":20}},"152":{"start":{"line":506,"column":4},"end":{"line":506,"column":38}},"153":{"start":{"line":507,"column":4},"end":{"line":507,"column":63}},"154":{"start":{"line":508,"column":4},"end":{"line":508,"column":37}},"155":{"start":{"line":510,"column":4},"end":{"line":513,"column":5}},"156":{"start":{"line":511,"column":6},"end":{"line":511,"column":39}},"157":{"start":{"line":511,"column":27},"end":{"line":511,"column":39}},"158":{"start":{"line":512,"column":6},"end":{"line":512,"column":22}},"159":{"start":{"line":515,"column":4},"end":{"line":515,"column":54}},"160":{"start":{"line":516,"column":4},"end":{"line":516,"column":23}},"161":{"start":{"line":518,"column":4},"end":{"line":521,"column":5}},"162":{"start":{"line":519,"column":6},"end":{"line":519,"column":38}},"163":{"start":{"line":520,"column":6},"end":{"line":520,"column":21}},"164":{"start":{"line":523,"column":4},"end":{"line":526,"column":7}},"165":{"start":{"line":524,"column":6},"end":{"line":524,"column":30}},"166":{"start":{"line":524,"column":15},"end":{"line":524,"column":30}},"167":{"start":{"line":525,"column":6},"end":{"line":525,"column":18}},"168":{"start":{"line":539,"column":4},"end":{"line":539,"column":74}},"169":{"start":{"line":539,"column":22},"end":{"line":539,"column":74}},"170":{"start":{"line":540,"column":4},"end":{"line":540,"column":27}},"171":{"start":{"line":541,"column":4},"end":{"line":541,"column":23}},"172":{"start":{"line":542,"column":4},"end":{"line":542,"column":40}},"173":{"start":{"line":543,"column":4},"end":{"line":543,"column":36}},"174":{"start":{"line":548,"column":21},"end":{"line":548,"column":25}},"175":{"start":{"line":550,"column":6},"end":{"line":560,"column":7}},"176":{"start":{"line":551,"column":8},"end":{"line":559,"column":9}},"177":{"start":{"line":552,"column":10},"end":{"line":552,"column":51}},"178":{"start":{"line":554,"column":10},"end":{"line":556,"column":11}},"179":{"start":{"line":555,"column":12},"end":{"line":555,"column":53}},"180":{"start":{"line":558,"column":10},"end":{"line":558,"column":16}},"181":{"start":{"line":562,"column":6},"end":{"line":562,"column":22}},"182":{"start":{"line":565,"column":4},"end":{"line":565,"column":66}},"183":{"start":{"line":566,"column":4},"end":{"line":566,"column":46}},"184":{"start":{"line":568,"column":4},"end":{"line":576,"column":5}},"185":{"start":{"line":569,"column":6},"end":{"line":569,"column":74}},"186":{"start":{"line":571,"column":6},"end":{"line":573,"column":7}},"187":{"start":{"line":572,"column":8},"end":{"line":572,"column":74}},"188":{"start":{"line":575,"column":6},"end":{"line":575,"column":51}},"189":{"start":{"line":578,"column":4},"end":{"line":588,"column":7}},"190":{"start":{"line":580,"column":6},"end":{"line":580,"column":28}},"191":{"start":{"line":580,"column":14},"end":{"line":580,"column":28}},"192":{"start":{"line":581,"column":6},"end":{"line":581,"column":55}},"193":{"start":{"line":583,"column":6},"end":{"line":585,"column":7}},"194":{"start":{"line":584,"column":8},"end":{"line":584,"column":79}},"195":{"start":{"line":587,"column":6},"end":{"line":587,"column":55}}},"fnMap":{"0":{"name":"isFunction","decl":{"start":{"line":17,"column":9},"end":{"line":17,"column":19}},"loc":{"start":{"line":17,"column":23},"end":{"line":19,"column":1}},"line":17},"1":{"name":"keccak256","decl":{"start":{"line":21,"column":9},"end":{"line":21,"column":18}},"loc":{"start":{"line":21,"column":27},"end":{"line":23,"column":1}},"line":21},"2":{"name":"(anonymous_2)","decl":{"start":{"line":58,"column":9},"end":{"line":58,"column":10}},"loc":{"start":{"line":58,"column":24},"end":{"line":61,"column":3}},"line":58},"3":{"name":"(anonymous_3)","decl":{"start":{"line":68,"column":12},"end":{"line":68,"column":13}},"loc":{"start":{"line":68,"column":27},"end":{"line":74,"column":3}},"line":68},"4":{"name":"(anonymous_4)","decl":{"start":{"line":84,"column":11},"end":{"line":84,"column":12}},"loc":{"start":{"line":84,"column":31},"end":{"line":89,"column":3}},"line":84},"5":{"name":"(anonymous_5)","decl":{"start":{"line":96,"column":21},"end":{"line":96,"column":22}},"loc":{"start":{"line":96,"column":39},"end":{"line":100,"column":3}},"line":96},"6":{"name":"(anonymous_6)","decl":{"start":{"line":97,"column":41},"end":{"line":97,"column":42}},"loc":{"start":{"line":97,"column":57},"end":{"line":99,"column":5}},"line":97},"7":{"name":"(anonymous_7)","decl":{"start":{"line":110,"column":11},"end":{"line":110,"column":12}},"loc":{"start":{"line":110,"column":47},"end":{"line":121,"column":3}},"line":110},"8":{"name":"(anonymous_8)","decl":{"start":{"line":131,"column":11},"end":{"line":131,"column":12}},"loc":{"start":{"line":131,"column":48},"end":{"line":142,"column":3}},"line":131},"9":{"name":"(anonymous_9)","decl":{"start":{"line":149,"column":23},"end":{"line":149,"column":24}},"loc":{"start":{"line":149,"column":45},"end":{"line":159,"column":3}},"line":149},"10":{"name":"(anonymous_10)","decl":{"start":{"line":170,"column":10},"end":{"line":170,"column":11}},"loc":{"start":{"line":170,"column":44},"end":{"line":174,"column":3}},"line":170},"11":{"name":"(anonymous_11)","decl":{"start":{"line":179,"column":30},"end":{"line":179,"column":31}},"loc":{"start":{"line":179,"column":69},"end":{"line":189,"column":3}},"line":179},"12":{"name":"(anonymous_12)","decl":{"start":{"line":194,"column":26},"end":{"line":194,"column":27}},"loc":{"start":{"line":194,"column":38},"end":{"line":208,"column":3}},"line":194},"13":{"name":"(anonymous_13)","decl":{"start":{"line":213,"column":12},"end":{"line":213,"column":13}},"loc":{"start":{"line":213,"column":31},"end":{"line":217,"column":3}},"line":213},"14":{"name":"(anonymous_14)","decl":{"start":{"line":222,"column":33},"end":{"line":222,"column":34}},"loc":{"start":{"line":222,"column":72},"end":{"line":245,"column":3}},"line":222},"15":{"name":"(anonymous_15)","decl":{"start":{"line":233,"column":18},"end":{"line":233,"column":19}},"loc":{"start":{"line":233,"column":29},"end":{"line":237,"column":7}},"line":233},"16":{"name":"(anonymous_16)","decl":{"start":{"line":234,"column":27},"end":{"line":234,"column":28}},"loc":{"start":{"line":234,"column":38},"end":{"line":236,"column":9}},"line":234},"17":{"name":"(anonymous_17)","decl":{"start":{"line":237,"column":14},"end":{"line":237,"column":15}},"loc":{"start":{"line":237,"column":22},"end":{"line":239,"column":7}},"line":237},"18":{"name":"(anonymous_18)","decl":{"start":{"line":241,"column":17},"end":{"line":241,"column":18}},"loc":{"start":{"line":241,"column":29},"end":{"line":243,"column":7}},"line":241},"19":{"name":"(anonymous_19)","decl":{"start":{"line":258,"column":13},"end":{"line":258,"column":14}},"loc":{"start":{"line":258,"column":52},"end":{"line":302,"column":3}},"line":258},"20":{"name":"(anonymous_20)","decl":{"start":{"line":293,"column":17},"end":{"line":293,"column":18}},"loc":{"start":{"line":293,"column":29},"end":{"line":295,"column":7}},"line":293},"21":{"name":"(anonymous_21)","decl":{"start":{"line":297,"column":150},"end":{"line":297,"column":151}},"loc":{"start":{"line":297,"column":176},"end":{"line":300,"column":7}},"line":297},"22":{"name":"(anonymous_22)","decl":{"start":{"line":313,"column":10},"end":{"line":313,"column":11}},"loc":{"start":{"line":313,"column":32},"end":{"line":345,"column":3}},"line":313},"23":{"name":"checkBoundsAndCreateObject","decl":{"start":{"line":321,"column":13},"end":{"line":321,"column":39}},"loc":{"start":{"line":321,"column":53},"end":{"line":333,"column":5}},"line":321},"24":{"name":"(anonymous_24)","decl":{"start":{"line":341,"column":59},"end":{"line":341,"column":60}},"loc":{"start":{"line":341,"column":87},"end":{"line":344,"column":5}},"line":341},"25":{"name":"(anonymous_25)","decl":{"start":{"line":359,"column":11},"end":{"line":359,"column":12}},"loc":{"start":{"line":359,"column":64},"end":{"line":401,"column":3}},"line":359},"26":{"name":"(anonymous_26)","decl":{"start":{"line":416,"column":8},"end":{"line":416,"column":9}},"loc":{"start":{"line":416,"column":63},"end":{"line":429,"column":3}},"line":416},"27":{"name":"(anonymous_27)","decl":{"start":{"line":426,"column":44},"end":{"line":426,"column":45}},"loc":{"start":{"line":426,"column":66},"end":{"line":428,"column":5}},"line":426},"28":{"name":"(anonymous_28)","decl":{"start":{"line":437,"column":11},"end":{"line":437,"column":12}},"loc":{"start":{"line":437,"column":46},"end":{"line":483,"column":3}},"line":437},"29":{"name":"verifyAndDecrypt","decl":{"start":{"line":446,"column":13},"end":{"line":446,"column":29}},"loc":{"start":{"line":446,"column":70},"end":{"line":460,"column":5}},"line":446},"30":{"name":"(anonymous_30)","decl":{"start":{"line":476,"column":52},"end":{"line":476,"column":53}},"loc":{"start":{"line":476,"column":74},"end":{"line":482,"column":5}},"line":476},"31":{"name":"(anonymous_31)","decl":{"start":{"line":490,"column":28},"end":{"line":490,"column":29}},"loc":{"start":{"line":490,"column":47},"end":{"line":495,"column":3}},"line":490},"32":{"name":"(anonymous_32)","decl":{"start":{"line":504,"column":16},"end":{"line":504,"column":17}},"loc":{"start":{"line":504,"column":51},"end":{"line":527,"column":3}},"line":504},"33":{"name":"(anonymous_33)","decl":{"start":{"line":523,"column":32},"end":{"line":523,"column":33}},"loc":{"start":{"line":523,"column":47},"end":{"line":526,"column":5}},"line":523},"34":{"name":"(anonymous_34)","decl":{"start":{"line":537,"column":18},"end":{"line":537,"column":19}},"loc":{"start":{"line":537,"column":50},"end":{"line":589,"column":3}},"line":537},"35":{"name":"findKeyfile","decl":{"start":{"line":545,"column":13},"end":{"line":545,"column":24}},"loc":{"start":{"line":545,"column":51},"end":{"line":563,"column":5}},"line":545},"36":{"name":"(anonymous_36)","decl":{"start":{"line":578,"column":25},"end":{"line":578,"column":26}},"loc":{"start":{"line":578,"column":46},"end":{"line":588,"column":5}},"line":578}},"branchMap":{"0":{"loc":{"start":{"line":7,"column":16},"end":{"line":7,"column":95}},"type":"binary-expr","locations":[{"start":{"line":7,"column":16},"end":{"line":7,"column":46}},{"start":{"line":7,"column":50},"end":{"line":7,"column":67}},{"start":{"line":7,"column":71},"end":{"line":7,"column":95}}],"line":7},"1":{"loc":{"start":{"line":29,"column":10},"end":{"line":29,"column":70}},"type":"cond-expr","locations":[{"start":{"line":29,"column":22},"end":{"line":29,"column":50}},{"start":{"line":29,"column":53},"end":{"line":29,"column":70}}],"line":29},"2":{"loc":{"start":{"line":59,"column":4},"end":{"line":59,"column":71}},"type":"if","locations":[{"start":{"line":59,"column":4},"end":{"line":59,"column":71}},{"start":{"line":59,"column":4},"end":{"line":59,"column":71}}],"line":59},"3":{"loc":{"start":{"line":59,"column":8},"end":{"line":59,"column":57}},"type":"binary-expr","locations":[{"start":{"line":59,"column":8},"end":{"line":59,"column":28}},{"start":{"line":59,"column":32},"end":{"line":59,"column":57}}],"line":59},"4":{"loc":{"start":{"line":70,"column":4},"end":{"line":70,"column":72}},"type":"if","locations":[{"start":{"line":70,"column":4},"end":{"line":70,"column":72}},{"start":{"line":70,"column":4},"end":{"line":70,"column":72}}],"line":70},"5":{"loc":{"start":{"line":70,"column":8},"end":{"line":70,"column":57}},"type":"binary-expr","locations":[{"start":{"line":70,"column":8},"end":{"line":70,"column":26}},{"start":{"line":70,"column":30},"end":{"line":70,"column":57}}],"line":70},"6":{"loc":{"start":{"line":72,"column":4},"end":{"line":72,"column":70}},"type":"if","locations":[{"start":{"line":72,"column":4},"end":{"line":72,"column":70}},{"start":{"line":72,"column":4},"end":{"line":72,"column":70}}],"line":72},"7":{"loc":{"start":{"line":72,"column":8},"end":{"line":72,"column":56}},"type":"binary-expr","locations":[{"start":{"line":72,"column":8},"end":{"line":72,"column":20}},{"start":{"line":72,"column":24},"end":{"line":72,"column":56}}],"line":72},"8":{"loc":{"start":{"line":85,"column":4},"end":{"line":85,"column":55}},"type":"if","locations":[{"start":{"line":85,"column":4},"end":{"line":85,"column":55}},{"start":{"line":85,"column":4},"end":{"line":85,"column":55}}],"line":85},"9":{"loc":{"start":{"line":85,"column":8},"end":{"line":85,"column":42}},"type":"binary-expr","locations":[{"start":{"line":85,"column":8},"end":{"line":85,"column":12}},{"start":{"line":85,"column":16},"end":{"line":85,"column":42}}],"line":85},"10":{"loc":{"start":{"line":86,"column":4},"end":{"line":86,"column":45}},"type":"if","locations":[{"start":{"line":86,"column":4},"end":{"line":86,"column":45}},{"start":{"line":86,"column":4},"end":{"line":86,"column":45}}],"line":86},"11":{"loc":{"start":{"line":86,"column":8},"end":{"line":86,"column":31}},"type":"binary-expr","locations":[{"start":{"line":86,"column":8},"end":{"line":86,"column":12}},{"start":{"line":86,"column":16},"end":{"line":86,"column":31}}],"line":86},"12":{"loc":{"start":{"line":87,"column":4},"end":{"line":87,"column":51}},"type":"if","locations":[{"start":{"line":87,"column":4},"end":{"line":87,"column":51}},{"start":{"line":87,"column":4},"end":{"line":87,"column":51}}],"line":87},"13":{"loc":{"start":{"line":87,"column":8},"end":{"line":87,"column":34}},"type":"binary-expr","locations":[{"start":{"line":87,"column":8},"end":{"line":87,"column":12}},{"start":{"line":87,"column":16},"end":{"line":87,"column":34}}],"line":87},"14":{"loc":{"start":{"line":112,"column":11},"end":{"line":112,"column":40}},"type":"binary-expr","locations":[{"start":{"line":112,"column":11},"end":{"line":112,"column":15}},{"start":{"line":112,"column":19},"end":{"line":112,"column":40}}],"line":112},"15":{"loc":{"start":{"line":114,"column":4},"end":{"line":116,"column":5}},"type":"if","locations":[{"start":{"line":114,"column":4},"end":{"line":116,"column":5}},{"start":{"line":114,"column":4},"end":{"line":116,"column":5}}],"line":114},"16":{"loc":{"start":{"line":133,"column":11},"end":{"line":133,"column":40}},"type":"binary-expr","locations":[{"start":{"line":133,"column":11},"end":{"line":133,"column":15}},{"start":{"line":133,"column":19},"end":{"line":133,"column":40}}],"line":133},"17":{"loc":{"start":{"line":135,"column":4},"end":{"line":137,"column":5}},"type":"if","locations":[{"start":{"line":135,"column":4},"end":{"line":137,"column":5}},{"start":{"line":135,"column":4},"end":{"line":137,"column":5}}],"line":135},"18":{"loc":{"start":{"line":153,"column":4},"end":{"line":155,"column":5}},"type":"if","locations":[{"start":{"line":153,"column":4},"end":{"line":155,"column":5}},{"start":{"line":153,"column":4},"end":{"line":155,"column":5}}],"line":153},"19":{"loc":{"start":{"line":171,"column":4},"end":{"line":173,"column":5}},"type":"if","locations":[{"start":{"line":171,"column":4},"end":{"line":173,"column":5}},{"start":{"line":171,"column":4},"end":{"line":173,"column":5}}],"line":171},"20":{"loc":{"start":{"line":171,"column":8},"end":{"line":171,"column":106}},"type":"binary-expr","locations":[{"start":{"line":171,"column":8},"end":{"line":171,"column":32}},{"start":{"line":171,"column":36},"end":{"line":171,"column":55}},{"start":{"line":171,"column":59},"end":{"line":171,"column":83}},{"start":{"line":171,"column":87},"end":{"line":171,"column":106}}],"line":171},"21":{"loc":{"start":{"line":180,"column":4},"end":{"line":182,"column":5}},"type":"if","locations":[{"start":{"line":180,"column":4},"end":{"line":182,"column":5}},{"start":{"line":180,"column":4},"end":{"line":182,"column":5}}],"line":180},"22":{"loc":{"start":{"line":185,"column":9},"end":{"line":185,"column":55}},"type":"binary-expr","locations":[{"start":{"line":185,"column":9},"end":{"line":185,"column":28}},{"start":{"line":185,"column":32},"end":{"line":185,"column":55}}],"line":185},"23":{"loc":{"start":{"line":186,"column":9},"end":{"line":186,"column":55}},"type":"binary-expr","locations":[{"start":{"line":186,"column":9},"end":{"line":186,"column":28}},{"start":{"line":186,"column":32},"end":{"line":186,"column":55}}],"line":186},"24":{"loc":{"start":{"line":187,"column":9},"end":{"line":187,"column":55}},"type":"binary-expr","locations":[{"start":{"line":187,"column":9},"end":{"line":187,"column":28}},{"start":{"line":187,"column":32},"end":{"line":187,"column":55}}],"line":187},"25":{"loc":{"start":{"line":188,"column":7},"end":{"line":188,"column":61}},"type":"binary-expr","locations":[{"start":{"line":188,"column":7},"end":{"line":188,"column":30}},{"start":{"line":188,"column":34},"end":{"line":188,"column":61}}],"line":188},"26":{"loc":{"start":{"line":198,"column":6},"end":{"line":204,"column":7}},"type":"if","locations":[{"start":{"line":198,"column":6},"end":{"line":204,"column":7}},{"start":{"line":198,"column":6},"end":{"line":204,"column":7}}],"line":198},"27":{"loc":{"start":{"line":198,"column":10},"end":{"line":198,"column":90}},"type":"binary-expr","locations":[{"start":{"line":198,"column":10},"end":{"line":198,"column":41}},{"start":{"line":198,"column":45},"end":{"line":198,"column":90}}],"line":198},"28":{"loc":{"start":{"line":201,"column":8},"end":{"line":203,"column":9}},"type":"if","locations":[{"start":{"line":201,"column":8},"end":{"line":203,"column":9}},{"start":{"line":201,"column":8},"end":{"line":203,"column":9}}],"line":201},"29":{"loc":{"start":{"line":214,"column":12},"end":{"line":214,"column":58}},"type":"binary-expr","locations":[{"start":{"line":214,"column":12},"end":{"line":214,"column":31}},{"start":{"line":214,"column":35},"end":{"line":214,"column":58}}],"line":214},"30":{"loc":{"start":{"line":215,"column":12},"end":{"line":215,"column":58}},"type":"binary-expr","locations":[{"start":{"line":215,"column":12},"end":{"line":215,"column":31}},{"start":{"line":215,"column":35},"end":{"line":215,"column":58}}],"line":215},"31":{"loc":{"start":{"line":224,"column":4},"end":{"line":224,"column":68}},"type":"if","locations":[{"start":{"line":224,"column":4},"end":{"line":224,"column":68}},{"start":{"line":224,"column":4},"end":{"line":224,"column":68}}],"line":224},"32":{"loc":{"start":{"line":226,"column":4},"end":{"line":228,"column":5}},"type":"if","locations":[{"start":{"line":226,"column":4},"end":{"line":228,"column":5}},{"start":{"line":226,"column":4},"end":{"line":228,"column":5}}],"line":226},"33":{"loc":{"start":{"line":227,"column":32},"end":{"line":227,"column":88}},"type":"binary-expr","locations":[{"start":{"line":227,"column":32},"end":{"line":227,"column":56}},{"start":{"line":227,"column":60},"end":{"line":227,"column":88}}],"line":227},"34":{"loc":{"start":{"line":230,"column":4},"end":{"line":244,"column":5}},"type":"if","locations":[{"start":{"line":230,"column":4},"end":{"line":244,"column":5}},{"start":{"line":230,"column":4},"end":{"line":244,"column":5}}],"line":230},"35":{"loc":{"start":{"line":231,"column":86},"end":{"line":231,"column":132}},"type":"binary-expr","locations":[{"start":{"line":231,"column":86},"end":{"line":231,"column":105}},{"start":{"line":231,"column":109},"end":{"line":231,"column":132}}],"line":231},"36":{"loc":{"start":{"line":231,"column":134},"end":{"line":231,"column":180}},"type":"binary-expr","locations":[{"start":{"line":231,"column":134},"end":{"line":231,"column":153}},{"start":{"line":231,"column":157},"end":{"line":231,"column":180}}],"line":231},"37":{"loc":{"start":{"line":231,"column":182},"end":{"line":231,"column":228}},"type":"binary-expr","locations":[{"start":{"line":231,"column":182},"end":{"line":231,"column":201}},{"start":{"line":231,"column":205},"end":{"line":231,"column":228}}],"line":231},"38":{"loc":{"start":{"line":231,"column":230},"end":{"line":231,"column":284}},"type":"binary-expr","locations":[{"start":{"line":231,"column":230},"end":{"line":231,"column":253}},{"start":{"line":231,"column":257},"end":{"line":231,"column":284}}],"line":231},"39":{"loc":{"start":{"line":232,"column":11},"end":{"line":244,"column":5}},"type":"if","locations":[{"start":{"line":232,"column":11},"end":{"line":244,"column":5}},{"start":{"line":232,"column":11},"end":{"line":244,"column":5}}],"line":232},"40":{"loc":{"start":{"line":232,"column":15},"end":{"line":232,"column":88}},"type":"binary-expr","locations":[{"start":{"line":232,"column":15},"end":{"line":232,"column":29}},{"start":{"line":232,"column":33},"end":{"line":232,"column":62}},{"start":{"line":232,"column":66},"end":{"line":232,"column":88}}],"line":232},"41":{"loc":{"start":{"line":238,"column":83},"end":{"line":238,"column":129}},"type":"binary-expr","locations":[{"start":{"line":238,"column":83},"end":{"line":238,"column":102}},{"start":{"line":238,"column":106},"end":{"line":238,"column":129}}],"line":238},"42":{"loc":{"start":{"line":238,"column":131},"end":{"line":238,"column":177}},"type":"binary-expr","locations":[{"start":{"line":238,"column":131},"end":{"line":238,"column":150}},{"start":{"line":238,"column":154},"end":{"line":238,"column":177}}],"line":238},"43":{"loc":{"start":{"line":238,"column":179},"end":{"line":238,"column":225}},"type":"binary-expr","locations":[{"start":{"line":238,"column":179},"end":{"line":238,"column":198}},{"start":{"line":238,"column":202},"end":{"line":238,"column":225}}],"line":238},"44":{"loc":{"start":{"line":238,"column":227},"end":{"line":238,"column":281}},"type":"binary-expr","locations":[{"start":{"line":238,"column":227},"end":{"line":238,"column":250}},{"start":{"line":238,"column":254},"end":{"line":238,"column":281}}],"line":238},"45":{"loc":{"start":{"line":242,"column":84},"end":{"line":242,"column":130}},"type":"binary-expr","locations":[{"start":{"line":242,"column":84},"end":{"line":242,"column":103}},{"start":{"line":242,"column":107},"end":{"line":242,"column":130}}],"line":242},"46":{"loc":{"start":{
[...]
],"line":342},"75":{"loc":{"start":{"line":361,"column":14},"end":{"line":361,"column":27}},"type":"binary-expr","locations":[{"start":{"line":361,"column":14},"end":{"line":361,"column":21}},{"start":{"line":361,"column":25},"end":{"line":361,"column":27}}],"line":361},"76":{"loc":{"start":{"line":362,"column":24},"end":{"line":362,"column":47}},"type":"binary-expr","locations":[{"start":{"line":362,"column":24},"end":{"line":362,"column":41}},{"start":{"line":362,"column":45},"end":{"line":362,"column":47}}],"line":362},"77":{"loc":{"start":{"line":363,"column":11},"end":{"line":363,"column":50}},"type":"binary-expr","locations":[{"start":{"line":363,"column":11},"end":{"line":363,"column":25}},{"start":{"line":363,"column":29},"end":{"line":363,"column":50}}],"line":363},"78":{"loc":{"start":{"line":369,"column":16},"end":{"line":369,"column":55}},"type":"binary-expr","locations":[{"start":{"line":369,"column":16},"end":{"line":369,"column":30}},{"start":{"line":369,"column":34},"end":{"line":369,"column":55}}],"line":369},"79":{"loc":{"start":{"line":381,"column":4},"end":{"line":398,"column":5}},"type":"if","locations":[{"start":{"line":381,"column":4},"end":{"line":398,"column":5}},{"start":{"line":381,"column":4},"end":{"line":398,"column":5}}],"line":381},"80":{"loc":{"start":{"line":384,"column":15},"end":{"line":384,"column":69}},"type":"binary-expr","locations":[{"start":{"line":384,"column":15},"end":{"line":384,"column":38}},{"start":{"line":384,"column":42},"end":{"line":384,"column":69}}],"line":384},"81":{"loc":{"start":{"line":385,"column":11},"end":{"line":385,"column":57}},"type":"binary-expr","locations":[{"start":{"line":385,"column":11},"end":{"line":385,"column":30}},{"start":{"line":385,"column":34},"end":{"line":385,"column":57}}],"line":385},"82":{"loc":{"start":{"line":386,"column":11},"end":{"line":386,"column":57}},"type":"binary-expr","locations":[{"start":{"line":386,"column":11},"end":{"line":386,"column":30}},{"start":{"line":386,"column":34},"end":{"line":386,"column":57}}],"line":386},"83":{"loc":{"start":{"line":387,"column":11},"end":{"line":387,"column":57}},"type":"binary-expr","locations":[{"start":{"line":387,"column":11},"end":{"line":387,"column":30}},{"start":{"line":387,"column":34},"end":{"line":387,"column":57}}],"line":387},"84":{"loc":{"start":{"line":393,"column":11},"end":{"line":393,"column":57}},"type":"binary-expr","locations":[{"start":{"line":393,"column":11},"end":{"line":393,"column":30}},{"start":{"line":393,"column":34},"end":{"line":393,"column":57}}],"line":393},"85":{"loc":{"start":{"line":394,"column":15},"end":{"line":394,"column":69}},"type":"binary-expr","locations":[{"start":{"line":394,"column":15},"end":{"line":394,"column":38}},{"start":{"line":394,"column":42},"end":{"line":394,"column":69}}],"line":394},"86":{"loc":{"start":{"line":395,"column":13},"end":{"line":395,"column":63}},"type":"binary-expr","locations":[{"start":{"line":395,"column":13},"end":{"line":395,"column":34}},{"start":{"line":395,"column":38},"end":{"line":395,"column":63}}],"line":395},"87":{"loc":{"start":{"line":417,"column":14},"end":{"line":417,"column":27}},"type":"binary-expr","locations":[{"start":{"line":417,"column":14},"end":{"line":417,"column":21}},{"start":{"line":417,"column":25},"end":{"line":417,"column":27}}],"line":417},"88":{"loc":{"start":{"line":421,"column":4},"end":{"line":423,"column":5}},"type":"if","locations":[{"start":{"line":421,"column":4},"end":{"line":423,"column":5}},{"start":{"line":421,"column":4},"end":{"line":423,"column":5}}],"line":421},"89":{"loc":{"start":{"line":444,"column":22},"end":{"line":444,"column":58}},"type":"binary-expr","locations":[{"start":{"line":444,"column":22},"end":{"line":444,"column":38}},{"start":{"line":444,"column":42},"end":{"line":444,"column":58}}],"line":444},"90":{"loc":{"start":{"line":449,"column":6},"end":{"line":451,"column":7}},"type":"if","locations":[{"start":{"line":449,"column":6},"end":{"line":451,"column":7}},{"start":{"line":449,"column":6},"end":{"line":451,"column":7}}],"line":449},"91":{"loc":{"start":{"line":453,"column":6},"end":{"line":457,"column":7}},"type":"if","locations":[{"start":{"line":453,"column":6},"end":{"line":457,"column":7}},{"start":{"line":453,"column":6},"end":{"line":457,"column":7}}],"line":453},"92":{"loc":{"start":{"line":467,"column":4},"end":{"line":469,"column":5}},"type":"if","locations":[{"start":{"line":467,"column":4},"end":{"line":469,"column":5}},{"start":{"line":467,"column":4},"end":{"line":469,"column":5}}],"line":467},"93":{"loc":{"start":{"line":467,"column":8},"end":{"line":467,"column":91}},"type":"binary-expr","locations":[{"start":{"line":467,"column":8},"end":{"line":467,"column":40}},{"start":{"line":467,"column":44},"end":{"line":467,"column":91}}],"line":467},"94":{"loc":{"start":{"line":472,"column":4},"end":{"line":474,"column":5}},"type":"if","locations":[{"start":{"line":472,"column":4},"end":{"line":474,"column":5}},{"start":{"line":472,"column":4},"end":{"line":474,"column":5}}],"line":472},"95":{"loc":{"start":{"line":493,"column":4},"end":{"line":493,"column":79}},"type":"if","locations":[{"start":{"line":493,"column":4},"end":{"line":493,"column":79}},{"start":{"line":493,"column":4},"end":{"line":493,"column":79}}],"line":493},"96":{"loc":{"start":{"line":506,"column":15},"end":{"line":506,"column":37}},"type":"binary-expr","locations":[{"start":{"line":506,"column":15},"end":{"line":506,"column":23}},{"start":{"line":506,"column":27},"end":{"line":506,"column":37}}],"line":506},"97":{"loc":{"start":{"line":510,"column":4},"end":{"line":513,"column":5}},"type":"if","locations":[{"start":{"line":510,"column":4},"end":{"line":513,"column":5}},{"start":{"line":510,"column":4},"end":{"line":513,"column":5}}],"line":510},"98":{"loc":{"start":{"line":511,"column":6},"end":{"line":511,"column":39}},"type":"if","locations":[{"start":{"line":511,"column":6},"end":{"line":511,"column":39}},{"start":{"line":511,"column":6},"end":{"line":511,"column":39}}],"line":511},"99":{"loc":{"start":{"line":518,"column":4},"end":{"line":521,"column":5}},"type":"if","locations":[{"start":{"line":518,"column":4},"end":{"line":521,"column":5}},{"start":{"line":518,"column":4},"end":{"line":521,"column":5}}],"line":518},"100":{"loc":{"start":{"line":524,"column":6},"end":{"line":524,"column":30}},"type":"if","locations":[{"start":{"line":524,"column":6},"end":{"line":524,"column":30}},{"start":{"line":524,"column":6},"end":{"line":524,"column":30}}],"line":524},"101":{"loc":{"start":{"line":539,"column":4},"end":{"line":539,"column":74}},"type":"if","locations":[{"start":{"line":539,"column":4},"end":{"line":539,"column":74}},{"start":{"line":539,"column":4},"end":{"line":539,"column":74}}],"line":539},"102":{"loc":{"start":{"line":551,"column":8},"end":{"line":559,"column":9}},"type":"if","locations":[{"start":{"line":551,"column":8},"end":{"line":559,"column":9}},{"start":{"line":551,"column":8},"end":{"line":559,"column":9}}],"line":551},"103":{"loc":{"start":{"line":554,"column":10},"end":{"line":556,"column":11}},"type":"if","locations":[{"start":{"line":554,"column":10},"end":{"line":556,"column":11}},{"start":{"line":554,"column":10},"end":{"line":556,"column":11}}],"line":554},"104":{"loc":{"start":{"line":565,"column":14},"end":{"line":565,"column":65}},"type":"binary-expr","locations":[{"start":{"line":565,"column":14},"end":{"line":565,"column":21}},{"start":{"line":565,"column":25},"end":{"line":565,"column":65}}],"line":565},"105":{"loc":{"start":{"line":568,"column":4},"end":{"line":576,"column":5}},"type":"if","locations":[{"start":{"line":568,"column":4},"end":{"line":576,"column":5}},{"start":{"line":568,"column":4},"end":{"line":576,"column":5}}],"line":568},"106":{"loc":{"start":{"line":571,"column":6},"end":{"line":573,"column":7}},"type":"if","locations":[{"start":{"line":571,"column":6},"end":{"line":573,"column":7}},{"start":{"line":571,"column":6},"end":{"line":573,"column":7}}],"line":571},"107":{"loc":{"start":{"line":580,"column":6},"end":{"line":580,"column":28}},"type":"if","locations":[{"start":{"line":580,"column":6},"end":{"line":580,"column":28}},{"start":{"line":580,"column":6},"end":{"line":580,"column":28}}],"line":580},"108":{"loc":{"start":{"line":583,"column":6},"end":{"line":585,"column":7}},"type":"if","locations":[{"start":{"line":583,"column":6},"end":{"line":585,"column":7}},{"start":{"line":583,"column":6},"end":{"line":585,"column":7}}],"line":583}},"s":{"0":1,"1":1,"2":1,"3":1,"4":1,"5":322,"6":62,"7":1,"8":218,"9":191,"10":27,"11":45,"12":10,"13":35,"14":35,"15":35,"16":0,"17":398,"18":204,"19":194,"20":127,"21":194,"22":22,"23":194,"24":45,"25":422,"26":10,"27":10,"28":0,"29":10,"30":10,"31":10,"32":32,"33":32,"34":0,"35":32,"36":32,"37":32,"38":22,"39":22,"40":6,"41":22,"42":22,"43":34,"44":34,"45":30,"46":15,"47":15,"48":0,"49":0,"50":0,"51":0,"52":0,"53":0,"54":0,"55":0,"56":0,"57":15,"58":15,"59":1,"60":15,"61":1,"62":15,"63":15,"64":0,"65":0,"66":0,"67":0,"68":0,"69":0,"70":0,"71":40,"72":40,"73":0,"74":40,"75":40,"76":40,"77":40,"78":40,"79":30,"80":30,"81":0,"82":10,"83":10,"84":10,"85":10,"86":5,"87":1,"88":4,"89":5,"90":1,"91":1,"92":4,"93":4,"94":0,"95":4,"96":200,"97":200,"98":200,"99":200,"100":200,"101":200,"102":0,"103":200,"104":200,"105":100,"106":100,"107":100,"108":0,"109":100,"110":4,"111":4,"112":4,"113":4,"114":4,"115":4,"116":2,"117":2,"118":2,"119":2,"120":4,"121":4,"122":4,"123":4,"124":4,"125":2,"126":2,"127":2,"128":28,"129":28,"130":28,"131":2,"132":26,"133":6,"134":20,"135":26,"136":28,"137":28,"138":28,"139":28,"140":28,"141":0,"142":28,"143":14,"144":14,"145":14,"146":14,"147":1,"148":7,"149":7,"150":0,"151":7,"152":4,"153":4,"154":4,"155":4,"156":2,"157":1,"158":1,"159":2,"160":2,"161":2,"162":1,"163":1,"164":1,"165":1,"166":0,"167":1,"168":16,"169":0,"170":16,"171":16,"172":16,"173":16,"174":16,"175":16,"176":64,"177":16,"178":16,"179":6,"180":16,"181":16,"182":16,"183":16,"184":16,"185":8,"186":8,"187":0,"188":8,"189":8,"190":8,"191":0,"192":8,"193":8,"194":0,"195":8},"f":{"0":322,"1":62,"2":218,"3":45,"4":398,"5":45,"6":422,"7":10,"8":32,"9":22,"10":34,"11":30,"12":0,"13":0,"14":15,"15":0,"16":0,"17":0,"18":0,"19":40,"20":1,"21":4,"22":200,"23":200,"24":100,"25":4,"26":4,"27":2,"28":28,"29":28,"30":14,"31":7,"32":4,"33":1,"34":16,"35":16,"36":8},"b":{"0":[1,1,1],"1":[0,1],"2":[191,27],"3":[218,215],"4":[10,35],"5":[45,35],"6":[35,0],"7":[35,29],"8":[204,194],"9":[398,398],"10":[127,67],"11":[194,151],"12":[22,172],"13":[194,24],"14":[10,6],"15":[0,10],"16":[32,6],"17":[0,32],"18":[6,16],"19":[34,0],"20":[34,34,34,34],"21":[15,15],"22":[15,3],"23":[15,0],"24":[15,0],"25":[15,3],"26":[0,0],"27":[0,0],"28":[0,0],"29":[0,0],"30":[0,0],"31":[1,14],"32":[1,14],"33":[1,1],"34":[15,0],"35":[15,3],"36":[15,0],"37":[15,0],"38":[15,3],"39":[0,0],"40":[0,0,0],"41":[0,0],"42":[0,0],"43":[0,0],"44":[0,0],"45":[0,0],"46":[0,0],"47":[0,0],"48":[0,0],"49":[0,40],"50":[40,40,40],"51":[40,0],"52":[40,6],"53":[30,10],"54":[30,0],"55":[10,6],"56":[10,0],"57":[5,5],"58":[1,4],"59":[1,1],"60":[1,1],"61":[4,2],"62":[4,2],"63":[1,4],"64":[1,1],"65":[1,1],"66":[4,2],"67":[4,2],"68":[0,4],"69":[200,100],"70":[200,100],"71":[200,100],"72":[0,200],"73":[100,100],"74":[0,100],"75":[4,0],"76":[4,0],"77":[4,4],"78":[4,4],"79":[2,2],"80":[2,2],"81":[2,2],"82":[2,0],"83":[2,0],"84":[2,2],"85":[2,2],"86":[2,2],"87":[4,0],"88":[2,2],"89":[28,16],"90":[2,26],"91":[6,20],"92":[0,28],"93":[28,4],"94":[14,14],"95":[0,7],"96":[4,4],"97":[2,2],"98":[1,1],"99":[1,1],"100":[0,1],"101":[0,16],"102":[16,48],"103":[6,10],"104":[16,0],"105":[8,8],"106":[0,8],"107":[0,8],"108":[0,8]},"_coverageSchema":"43e27e138ebf9cfc5966b082cf9a028302ed4184","hash":"cb6c9d9c147782cdf04ce87ca169805f0afcefe9","contentHash":"c917b7c8722ab4edddf3282fbf33d142"},"/home/kvhnuke/GitHub/keythereum/test/checkKeyObj.js":{"path":"/home/kvhnuke/GitHub/keythereum/test/checkKeyObj.js","statementMap":{"0":{"start":{"line":3,"column":13},"end":{"line":3,"column":35}},"1":{"start":{"line":5,"column":13},"end":{"line":5,"column":40}},"2":{"start":{"line":7,"column":12},"end":{"line":7,"column":32}},"3":{"start":{"line":9,"column":0},"end":{"line":88,"column":2}},"4":{"start":{"line":11,"column":26},"end":{"line":11,"column":62}},"5":{"start":{"line":12,"column":4},"end":{"line":12,"column":41}},"6":{"start":{"line":13,"column":4},"end":{"line":13,"column":42}},"7":{"start":{"line":14,"column":4},"end":{"line":14,"column":49}},"8":{"start":{"line":15,"column":4},"end":{"line":15,"column":47}},"9":{"start":{"line":16,"column":4},"end":{"line":16,"column":47}},"10":{"start":{"line":17,"column":4},"end":{"line":17,"column":97}},"11":{"start":{"line":18,"column":4},"end":{"line":18,"column":53}},"12":{"start":{"line":19,"column":4},"end":{"line":19,"column":60}},"13":{"start":{"line":20,"column":4},"end":{"line":20,"column":56}},"14":{"start":{"line":21,"column":4},"end":{"line":21,"column":67}},"15":{"start":{"line":22,"column":4},"end":{"line":22,"column":51}},"16":{"start":{"line":23,"column":4},"end":{"line":23,"column":52}},"17":{"start":{"line":24,"column":4},"end":{"line":24,"column":53}},"18":{"start":{"line":25,"column":4},"end":{"line":25,"column":44}},"19":{"start":{"line":26,"column":4},"end":{"line":26,"column":81}},"20":{"start":{"line":27,"column":4},"end":{"line":27,"column":50}},"21":{"start":{"line":28,"column":4},"end":{"line":28,"column":57}},"22":{"start":{"line":30,"column":4},"end":{"line":38,"column":5}},"23":{"start":{"line":31,"column":6},"end":{"line":31,"column":54}},"24":{"start":{"line":32,"column":6},"end":{"line":32,"column":56}},"25":{"start":{"line":33,"column":6},"end":{"line":33,"column":71}},"26":{"start":{"line":35,"column":6},"end":{"line":35,"column":54}},"27":{"start":{"line":36,"column":6},"end":{"line":36,"column":54}},"28":{"start":{"line":37,"column":6},"end":{"line":37,"column":54}},"29":{"start":{"line":40,"column":4},"end":{"line":40,"column":56}},"30":{"start":{"line":41,"column":4},"end":{"line":41,"column":53}},"31":{"start":{"line":42,"column":4},"end":{"line":42,"column":50}},"32":{"start":{"line":43,"column":4},"end":{"line":43,"column":55}},"33":{"start":{"line":44,"column":4},"end":{"line":44,"column":56}},"34":{"start":{"line":45,"column":4},"end":{"line":45,"column":57}},"35":{"start":{"line":46,"column":4},"end":{"line":46,"column":44}},"36":{"start":{"line":47,"column":4},"end":{"line":47,"column":55}},"37":{"start":{"line":48,"column":4},"end":{"line":48,"column":46}},"38":{"start":{"line":49,"column":4},"end":{"line":49,"column":37}},"39":{"start":{"line":50,"column":4},"end":{"line":50,"column":48}},"40":{"start":{"line":51,"column":4},"end":{"line":51,"column":40}},"41":{"start":{"line":52,"column":4},"end":{"line":52,"column":42}},"42":{"start":{"line":53,"column":4},"end":{"line":53,"column":65}},"43":{"start":{"line":56,"column":26},"end":{"line":56,"column":62}},"44":{"start":{"line":57,"column":4},"end":{"line":57,"column":62}},"45":{"start":{"line":58,"column":4},"end":{"line":58,"column":73}},"46":{"start":{"line":60,"column":4},"end":{"line":62,"column":5}},"47":{"start":{"line":61,"column":6},"end":{"line":61,"column":86}},"48":{"start":{"line":64,"column":4},"end":{"line":64,"column":91}},"49":{"start":{"line":65,"column":4},"end":{"line":65,"column":81}},"50":{"start":{"line":66,"column":4},"end":{"line":66,"column":67}},"51":{"start":{"line":68,"column":4},"end":{"line":83,"column":5}},"52":{"start":{"line":69,"column":6},"end":{"line":78,"column":7}},"53":{"start":{"line":70,"column":8},"end":{"line":70,"column":87}},"54":{"start":{"line":71,"column":8},"end":{"line":71,"column":87}},"55":{"start":{"line":72,"column":8},"end":{"line":72,"column":87}},"56":{"start":{"line":74,"column":8},"end":{"line":74,"column":87}},"57":{"start":{"line":75,"column":8},"end":{"line":75,"column":87}},"58":{"start":{"line":76,"column":8},"end":{"line":76,"column":91}},"59":{"start":{"line":77,"column":8},"end":{"line":77,"column":91}},"60":{"start":{"line":80,"column":6},"end":{"line":80,"column":93}},"61":{"start":{"line":81,"column":6},"end":{"line":81,"column":93}},"62":{"start":{"line":82,"column":6},"end":{"line":82,"column":91}},"63":{"start":{"line":85,"column":4},"end":{"line":85,"column":67}},"64":{"start":{"line":86,"column":4},"end":{"line":86,"column":62}}},"fnMap":{"0":{"name":"(anonymous_0)","decl":{"start":{"line":10,"column":13},"end":{"line":10,"column":14}},"loc":{"start":{"line":10,"column":46},"end":{"line":54,"column":3}},"line":10},"1":{"name":"(anonymous_1)","decl":{"start":{"line":55,"column":10},"end":{"line":55,"column":11}},"loc":{"start":{"line":55,"column":46},"end":{"line":87,"column":3}},"line":55}},"branchMap":{"0":{"loc":{"start":{"line":11,"column":26},"end":{"line":11,"column":62}},"type":"binary-expr","locations":[{"start":{"line":11,"column":26},"end":{"line":11,"column":42}},{"start":{"line":11,"column":46},"end":{"line":11,"column":62}}],"line":11},"1":{"loc":{"start":{"line":14,"column":11},"end":{"line":14,"column":47}},"type":"binary-expr","locations":[{"start":{"line":14,"column":11},"end":{"line":14,"column":27}},{"start":{"line":14,"column":31},"end":{"line":14,"column":47}}],"line":14},"2":{"loc":{"start":{"line":17,"column":11},"end":{"line":17,"column":95}},"type":"binary-expr","locations":[{"start":{"line":17,"column":11},"end":{"line":17,"column":51}},{"start":{"line":17,"column":55},"end":{"line":17,"column":95}}],"line":17},"3":{"loc":{"start":{"line":26,"column":11},"end":{"line":26,"column":79}},"type":"binary-expr","locations":[{"start":{"line":26,"column":11},"end":{"line":26,"column":43}},{"start":{"line":26,"column":47},"end":{"line":26,"column":79}}],"line":26},"4":{"loc":{"start":{"line":30,"column":4},"end":{"line":38,"column":5}},"type":"if","locations":[{"start":{"line":30,"column":4},"end":{"line":38,"column":5}},{"start":{"line":30,"column":4},"end":{"line":38,"column":5}}],"line":30},"5":{"loc":{"start":{"line":53,"column":11},"end":{"line":53,"column":63}},"type":"binary-expr","locations":[{"start":{"line":53,"column":11},"end":{"line":53,"column":36}},{"start":{"line":53,"column":40},"end":{"line":53,"column":63}}],"line":53},"6":{"loc":{"start":{"line":56,"column":26},"end":{"line":56,"column":62}},"type":"binary-expr","locations":[{"start":{"line":56,"column":26},"end":{"line":56,"column":42}},{"start":{"line":56,"column":46},"end":{"line":56,"column":62}}],"line":56},"7":{"loc":{"start":{"line":60,"column":4},"end":{"line":62,"column":5}},"type":"if","locations":[{"start":{"line":60,"column":4},"end":{"line":62,"column":5}},{"start":{"line":60,"column":4},"end":{"line":62,"column":5}}],"line":60},"8":{"loc":{"start":{"line":68,"column":4},"end":{"line":83,"column":5}},"type":"if","locations":[{"start":{"line":68,"column":4},"end":{"line":83,"column":5}},{"start":{"line":68,"column":4},"end":{"line":83,"column":5}}],"line":68},"9":{"loc":{"start":{"line":69,"column":6},"end":{"line":78,"column":7}},"type":"if","locations":[{"start":{"line":69,"column":6},"end":{"line":78,"column":7}},{"start":{"line":69,"column":6},"end":{"line":78,"column":7}}],"line":69}},"s":{"0":1,"1":1,"2":1,"3":1,"4":20,"5":20,"6":20,"7":20,"8":20,"9":20,"10":20,"11":20,"12":20,"13":20,"14":20,"15":20,"16":20,"17":20,"18":20,"19":20,"20":20,"21":20,"22":20,"23":8,"24":8,"25":8,"26":12,"27":12,"28":12,"29":20,"30":20,"31":20,"32":20,"33":20,"34":20,"35":20,"36":20,"37":20,"38":20,"39":20,"40":20,"41":20,"42":20,"43":20,"44":20,"45":20,"46":20,"47":4,"48":20,"49":20,"50":20,"51":20,"52":4,"53":2,"54":2,"55":2,"56":2,"57":2,"58":2,"59":2,"60":4,"61":4,"62":4,"63":20,"64":20},"f":{"0":20,"1":20},"b":{"0":[20,4],"1":[20,4],"2":[20,6],"3":[20,12],"4":[8,12],"5":[20,14],"6":[20,4],"7":[4,16],"8":[4,16],"9":[2,2]},"_coverageSchema":"43e27e138ebf9cfc5966b082cf9a028302ed4184","hash":"4dd761d2be57a0176eb798c2ac74f0cb263b23bb","contentHash":"31a02692da0df2658895a2ccbc73e3c9"}}